# JRE version: Java(TM) SE Runtime Environment (11.0.5+10) (build 11.0.5+10-LTS)
# Java VM: Java HotSpot(TM) 64-Bit Server VM (11.0.5+10-LTS, mixed mode, tiered, compressed oops, g1 gc, windows-amd64)
Heap:
 garbage-first heap   total 395264K, used 191488K [0x0000000701600000, 0x0000000800000000)
  region size 1024K, 74 young (75776K), 13 survivors (13312K)
 Metaspace       used 103617K, capacity 106842K, committed 107048K, reserved 1144832K
  class space    used 10738K, capacity 11976K, committed 12072K, reserved 1048576K
GC Heap History (10 events):
Event: 5.511 GC heap before
{Heap before GC invocations=9 (full 0):
 garbage-first heap   total 317440K, used 175306K [0x0000000701600000, 0x0000000800000000)
  region size 1024K, 155 young (158720K), 9 survivors (9216K)
 Metaspace       used 69713K, capacity 71610K, committed 71808K, reserved 1112064K
  class space    used 7821K, capacity 8495K, committed 8576K, reserved 1048576K
}
Event: 5.530 GC heap after
{Heap after GC invocations=10 (full 0):
 garbage-first heap   total 317440K, used 43814K [0x0000000701600000, 0x0000000800000000)
  region size 1024K, 20 young (20480K), 20 survivors (20480K)
 Metaspace       used 69713K, capacity 71610K, committed 71808K, reserved 1112064K
  class space    used 7821K, capacity 8495K, committed 8576K, reserved 1048576K
}
Event: 6.567 GC heap before
{Heap before GC invocations=10 (full 0):
 garbage-first heap   total 317440K, used 169766K [0x0000000701600000, 0x0000000800000000)
  region size 1024K, 142 young (145408K), 20 survivors (20480K)
 Metaspace       used 74045K, capacity 76446K, committed 76672K, reserved 1116160K
  class space    used 8409K, capacity 9288K, committed 9344K, reserved 1048576K
}
Event: 6.589 GC heap after
{Heap after GC invocations=11 (full 0):
 garbage-first heap   total 317440K, used 60507K [0x0000000701600000, 0x0000000800000000)
  region size 1024K, 16 young (16384K), 16 survivors (16384K)
 Metaspace       used 74045K, capacity 76446K, committed 76672K, reserved 1116160K
  class space    used 8409K, capacity 9288K, committed 9344K, reserved 1048576K
}
Event: 7.419 GC heap before
{Heap before GC invocations=11 (full 0):
 garbage-first heap   total 317440K, used 142427K [0x0000000701600000, 0x0000000800000000)
  region size 1024K, 92 young (94208K), 16 survivors (16384K)
 Metaspace       used 78594K, capacity 81322K, committed 81408K, reserved 1120256K
  class space    used 8930K, capacity 9949K, committed 9984K, reserved 1048576K
}
Event: 7.436 GC heap after
{Heap after GC invocations=12 (full 0):
 garbage-first heap   total 317440K, used 78592K [0x0000000701600000, 0x0000000800000000)
  region size 1024K, 13 young (13312K), 13 survivors (13312K)
 Metaspace       used 78594K, capacity 81322K, committed 81408K, reserved 1120256K
  class space    used 8930K, capacity 9949K, committed 9984K, reserved 1048576K
}
Event: 11.034 GC heap before
{Heap before GC invocations=13 (full 0):
 garbage-first heap   total 317440K, used 259840K [0x0000000701600000, 0x0000000800000000)
  region size 1024K, 150 young (153600K), 13 survivors (13312K)
 Metaspace       used 100767K, capacity 104005K, committed 104360K, reserved 1142784K
  class space    used 10633K, capacity 11850K, committed 11944K, reserved 1048576K
}
Event: 11.074 GC heap after
{Heap after GC invocations=14 (full 0):
 garbage-first heap   total 395264K, used 120832K [0x0000000701600000, 0x0000000800000000)
  region size 1024K, 19 young (19456K), 19 survivors (19456K)
 Metaspace       used 100767K, capacity 104005K, committed 104360K, reserved 1142784K
  class space    used 10633K, capacity 11850K, committed 11944K, reserved 1048576K
}
Event: 36.770 GC heap before
{Heap before GC invocations=15 (full 0):
 garbage-first heap   total 395264K, used 281600K [0x0000000701600000, 0x0000000800000000)
  region size 1024K, 173 young (177152K), 19 survivors (19456K)
 Metaspace       used 102971K, capacity 106199K, committed 106536K, reserved 1144832K
  class space    used 10693K, capacity 11932K, committed 12072K, reserved 1048576K
}
Event: 36.788 GC heap after
{Heap after GC invocations=16 (full 0):
 garbage-first heap   total 395264K, used 122880K [0x0000000701600000, 0x0000000800000000)
  region size 1024K, 13 young (13312K), 13 survivors (13312K)
 Metaspace       used 102971K, capacity 106199K, committed 106536K, reserved 1144832K
  class space    used 10693K, capacity 11932K, committed 12072K, reserved 1048576K
}

