# JRE version: Java(TM) SE Runtime Environment (11.0.5+10) (build 11.0.5+10-LTS)
# Java VM: Java HotSpot(TM) 64-Bit Server VM (11.0.5+10-LTS, mixed mode, tiered, compressed oops, g1 gc, windows-amd64)
Heap:
 garbage-first heap   total 378880K, used 139482K [0x0000000701600000, 0x0000000800000000)
  region size 1024K, 25 young (25600K), 0 survivors (0K)
 Metaspace       used 110351K, capacity 113653K, committed 113836K, reserved 1150976K
  class space    used 10973K, capacity 12276K, committed 12324K, reserved 1048576K
GC Heap History (10 events):
Event: 930.183 GC heap before
{Heap before GC invocations=141 (full 0):
 garbage-first heap   total 378880K, used 330640K [0x0000000701600000, 0x0000000800000000)
  region size 1024K, 94 young (96256K), 2 survivors (2048K)
 Metaspace       used 110186K, capacity 113546K, committed 113836K, reserved 1150976K
  class space    used 10947K, capacity 12240K, committed 12324K, reserved 1048576K
}
Event: 930.185 GC heap after
{Heap after GC invocations=142 (full 0):
 garbage-first heap   total 378880K, used 238116K [0x0000000701600000, 0x0000000800000000)
  region size 1024K, 3 young (3072K), 3 survivors (3072K)
 Metaspace       used 110186K, capacity 113546K, committed 113836K, reserved 1150976K
  class space    used 10947K, capacity 12240K, committed 12324K, reserved 1048576K
}
Event: 937.696 GC heap before
{Heap before GC invocations=142 (full 0):
 garbage-first heap   total 378880K, used 332324K [0x0000000701600000, 0x0000000800000000)
  region size 1024K, 95 young (97280K), 3 survivors (3072K)
 Metaspace       used 110188K, capacity 113546K, committed 113836K, reserved 1150976K
  class space    used 10947K, capacity 12240K, committed 12324K, reserved 1048576K
}
Event: 937.698 GC heap after
{Heap after GC invocations=143 (full 0):
 garbage-first heap   total 378880K, used 238656K [0x0000000701600000, 0x0000000800000000)
  region size 1024K, 4 young (4096K), 4 survivors (4096K)
 Metaspace       used 110188K, capacity 113546K, committed 113836K, reserved 1150976K
  class space    used 10947K, capacity 12240K, committed 12324K, reserved 1048576K
}
Event: 945.384 GC heap before
{Heap before GC invocations=143 (full 0):
 garbage-first heap   total 378880K, used 332864K [0x0000000701600000, 0x0000000800000000)
  region size 1024K, 96 young (98304K), 4 survivors (4096K)
 Metaspace       used 110188K, capacity 113546K, committed 113836K, reserved 1150976K
  class space    used 10947K, capacity 12240K, committed 12324K, reserved 1048576K
}
Event: 945.385 GC heap after
{Heap after GC invocations=144 (full 0):
 garbage-first heap   total 378880K, used 238521K [0x0000000701600000, 0x0000000800000000)
  region size 1024K, 3 young (3072K), 3 survivors (3072K)
 Metaspace       used 110188K, capacity 113546K, committed 113836K, reserved 1150976K
  class space    used 10947K, capacity 12240K, committed 12324K, reserved 1048576K
}
Event: 949.353 GC heap before
{Heap before GC invocations=144 (full 0):
 garbage-first heap   total 378880K, used 333753K [0x0000000701600000, 0x0000000800000000)
  region size 1024K, 96 young (98304K), 3 survivors (3072K)
 Metaspace       used 110195K, capacity 113550K, committed 113836K, reserved 1150976K
  class space    used 10947K, capacity 12240K, committed 12324K, reserved 1048576K
}
Event: 949.362 GC heap after
{Heap after GC invocations=145 (full 0):
 garbage-first heap   total 378880K, used 252183K [0x0000000701600000, 0x0000000800000000)
  region size 1024K, 12 young (12288K), 12 survivors (12288K)
 Metaspace       used 110195K, capacity 113550K, committed 113836K, reserved 1150976K
  class space    used 10947K, capacity 12240K, committed 12324K, reserved 1048576K
}
Event: 952.301 GC heap before
{Heap before GC invocations=145 (full 0):
 garbage-first heap   total 378880K, used 298263K [0x0000000701600000, 0x0000000800000000)
  region size 1024K, 58 young (59392K), 12 survivors (12288K)
 Metaspace       used 110198K, capacity 113550K, committed 113836K, reserved 1150976K
  class space    used 10947K, capacity 12240K, committed 12324K, reserved 1048576K
}
Event: 952.407 GC heap after
{Heap after GC invocations=146 (full 1):
 garbage-first heap   total 378880K, used 112858K [0x0000000701600000, 0x0000000800000000)
  region size 1024K, 0 young (0K), 0 survivors (0K)
 Metaspace       used 110198K, capacity 113550K, committed 113836K, reserved 1150976K
  class space    used 10947K, capacity 12240K, committed 12324K, reserved 1048576K
}

