# JRE version: Java(TM) SE Runtime Environment (11.0.5+10) (build 11.0.5+10-LTS)
# Java VM: Java HotSpot(TM) 64-Bit Server VM (11.0.5+10-LTS, mixed mode, tiered, compressed oops, g1 gc, windows-amd64)
Heap:
 garbage-first heap   total 386048K, used 151223K [0x0000000701600000, 0x0000000800000000)
  region size 1024K, 28 young (28672K), 0 survivors (0K)
 Metaspace       used 111365K, capacity 114753K, committed 114852K, reserved 1150976K
  class space    used 11067K, capacity 12405K, committed 12452K, reserved 1048576K
GC Heap History (10 events):
Event: 1129.372 GC heap before
{Heap before GC invocations=226 (full 0):
 garbage-first heap   total 411648K, used 361902K [0x0000000701600000, 0x0000000800000000)
  region size 1024K, 40 young (40960K), 2 survivors (2048K)
 Metaspace       used 111129K, capacity 114526K, committed 114852K, reserved 1150976K
  class space    used 11023K, capacity 12370K, committed 12452K, reserved 1048576K
}
Event: 1129.378 GC heap after
{Heap after GC invocations=227 (full 0):
 garbage-first heap   total 411648K, used 337043K [0x0000000701600000, 0x0000000800000000)
  region size 1024K, 5 young (5120K), 5 survivors (5120K)
 Metaspace       used 111129K, capacity 114526K, committed 114852K, reserved 1150976K
  class space    used 11023K, capacity 12370K, committed 12452K, reserved 1048576K
}
Event: 1133.132 GC heap before
{Heap before GC invocations=227 (full 0):
 garbage-first heap   total 411648K, used 357523K [0x0000000701600000, 0x0000000800000000)
  region size 1024K, 25 young (25600K), 5 survivors (5120K)
 Metaspace       used 111129K, capacity 114526K, committed 114852K, reserved 1150976K
  class space    used 11023K, capacity 12370K, committed 12452K, reserved 1048576K
}
Event: 1133.135 GC heap after
{Heap after GC invocations=228 (full 0):
 garbage-first heap   total 411648K, used 338097K [0x0000000701600000, 0x0000000800000000)
  region size 1024K, 1 young (1024K), 1 survivors (1024K)
 Metaspace       used 111129K, capacity 114526K, committed 114852K, reserved 1150976K
  class space    used 11023K, capacity 12370K, committed 12452K, reserved 1048576K
}
Event: 1136.182 GC heap before
{Heap before GC invocations=228 (full 0):
 garbage-first heap   total 411648K, used 358577K [0x0000000701600000, 0x0000000800000000)
  region size 1024K, 21 young (21504K), 1 survivors (1024K)
 Metaspace       used 111131K, capacity 114526K, committed 114852K, reserved 1150976K
  class space    used 11023K, capacity 12370K, committed 12452K, reserved 1048576K
}
Event: 1136.184 GC heap after
{Heap after GC invocations=229 (full 0):
 garbage-first heap   total 411648K, used 338428K [0x0000000701600000, 0x0000000800000000)
  region size 1024K, 2 young (2048K), 2 survivors (2048K)
 Metaspace       used 111131K, capacity 114526K, committed 114852K, reserved 1150976K
  class space    used 11023K, capacity 12370K, committed 12452K, reserved 1048576K
}
Event: 1139.139 GC heap before
{Heap before GC invocations=229 (full 0):
 garbage-first heap   total 411648K, used 357884K [0x0000000701600000, 0x0000000800000000)
  region size 1024K, 22 young (22528K), 2 survivors (2048K)
 Metaspace       used 111140K, capacity 114526K, committed 114852K, reserved 1150976K
  class space    used 11023K, capacity 12370K, committed 12452K, reserved 1048576K
}
Event: 1139.141 GC heap after
{Heap after GC invocations=230 (full 0):
 garbage-first heap   total 411648K, used 338569K [0x0000000701600000, 0x0000000800000000)
  region size 1024K, 2 young (2048K), 2 survivors (2048K)
 Metaspace       used 111140K, capacity 114526K, committed 114852K, reserved 1150976K
  class space    used 11023K, capacity 12370K, committed 12452K, reserved 1048576K
}
Event: 1139.156 GC heap before
{Heap before GC invocations=230 (full 0):
 garbage-first heap   total 411648K, used 338569K [0x0000000701600000, 0x0000000800000000)
  region size 1024K, 4 young (4096K), 2 survivors (2048K)
 Metaspace       used 111146K, capacity 114526K, committed 114852K, reserved 1150976K
  class space    used 11023K, capacity 12370K, committed 12452K, reserved 1048576K
}
Event: 1139.263 GC heap after
{Heap after GC invocations=231 (full 1):
 garbage-first heap   total 386048K, used 113335K [0x0000000701600000, 0x0000000800000000)
  region size 1024K, 0 young (0K), 0 survivors (0K)
 Metaspace       used 111146K, capacity 114526K, committed 114852K, reserved 1150976K
  class space    used 11023K, capacity 12370K, committed 12452K, reserved 1048576K
}

