# JRE version: Java(TM) SE Runtime Environment (11.0.5+10) (build 11.0.5+10-LTS)
# Java VM: Java HotSpot(TM) 64-Bit Server VM (11.0.5+10-LTS, mixed mode, tiered, compressed oops, g1 gc, windows-amd64)
Heap:
 garbage-first heap   total 393216K, used 148855K [0x0000000701600000, 0x0000000800000000)
  region size 1024K, 33 young (33792K), 0 survivors (0K)
 Metaspace       used 110940K, capacity 114310K, committed 114552K, reserved 1150976K
  class space    used 10972K, capacity 12325K, committed 12408K, reserved 1048576K
GC Heap History (10 events):
Event: 2007.065 GC heap before
{Heap before GC invocations=231 (full 0):
 garbage-first heap   total 503808K, used 441838K [0x0000000701600000, 0x0000000800000000)
  region size 1024K, 209 young (214016K), 9 survivors (9216K)
 Metaspace       used 110729K, capacity 114078K, committed 114168K, reserved 1150976K
  class space    used 10941K, capacity 12225K, committed 12280K, reserved 1048576K
}
Event: 2007.070 GC heap after
{Heap after GC invocations=232 (full 0):
 garbage-first heap   total 503808K, used 236875K [0x0000000701600000, 0x0000000800000000)
  region size 1024K, 4 young (4096K), 4 survivors (4096K)
 Metaspace       used 110729K, capacity 114078K, committed 114168K, reserved 1150976K
  class space    used 10941K, capacity 12225K, committed 12280K, reserved 1048576K
}
Event: 2022.320 GC heap before
{Heap before GC invocations=232 (full 0):
 garbage-first heap   total 503808K, used 444747K [0x0000000701600000, 0x0000000800000000)
  region size 1024K, 207 young (211968K), 4 survivors (4096K)
 Metaspace       used 110729K, capacity 114078K, committed 114168K, reserved 1150976K
  class space    used 10941K, capacity 12225K, committed 12280K, reserved 1048576K
}
Event: 2022.322 GC heap after
{Heap after GC invocations=233 (full 0):
 garbage-first heap   total 503808K, used 237602K [0x0000000701600000, 0x0000000800000000)
  region size 1024K, 4 young (4096K), 4 survivors (4096K)
 Metaspace       used 110729K, capacity 114078K, committed 114168K, reserved 1150976K
  class space    used 10941K, capacity 12225K, committed 12280K, reserved 1048576K
}
Event: 2036.071 GC heap before
{Heap before GC invocations=233 (full 0):
 garbage-first heap   total 503808K, used 445474K [0x0000000701600000, 0x0000000800000000)
  region size 1024K, 207 young (211968K), 4 survivors (4096K)
 Metaspace       used 110730K, capacity 114078K, committed 114168K, reserved 1150976K
  class space    used 10941K, capacity 12225K, committed 12280K, reserved 1048576K
}
Event: 2036.078 GC heap after
{Heap after GC invocations=234 (full 0):
 garbage-first heap   total 503808K, used 251026K [0x0000000701600000, 0x0000000800000000)
  region size 1024K, 17 young (17408K), 17 survivors (17408K)
 Metaspace       used 110730K, capacity 114078K, committed 114168K, reserved 1150976K
  class space    used 10941K, capacity 12225K, committed 12280K, reserved 1048576K
}
Event: 2048.412 GC heap before
{Heap before GC invocations=234 (full 0):
 garbage-first heap   total 503808K, used 433298K [0x0000000701600000, 0x0000000800000000)
  region size 1024K, 195 young (199680K), 17 survivors (17408K)
 Metaspace       used 110741K, capacity 114078K, committed 114168K, reserved 1150976K
  class space    used 10941K, capacity 12225K, committed 12280K, reserved 1048576K
}
Event: 2048.417 GC heap after
{Heap after GC invocations=235 (full 0):
 garbage-first heap   total 503808K, used 253260K [0x0000000701600000, 0x0000000800000000)
  region size 1024K, 3 young (3072K), 3 survivors (3072K)
 Metaspace       used 110741K, capacity 114078K, committed 114168K, reserved 1150976K
  class space    used 10941K, capacity 12225K, committed 12280K, reserved 1048576K
}
Event: 2049.495 GC heap before
{Heap before GC invocations=235 (full 0):
 garbage-first heap   total 503808K, used 268620K [0x0000000701600000, 0x0000000800000000)
  region size 1024K, 19 young (19456K), 3 survivors (3072K)
 Metaspace       used 110749K, capacity 114078K, committed 114168K, reserved 1150976K
  class space    used 10941K, capacity 12225K, committed 12280K, reserved 1048576K
}
Event: 2049.615 GC heap after
{Heap after GC invocations=236 (full 1):
 garbage-first heap   total 393216K, used 114039K [0x0000000701600000, 0x0000000800000000)
  region size 1024K, 0 young (0K), 0 survivors (0K)
 Metaspace       used 110749K, capacity 114078K, committed 114168K, reserved 1150976K
  class space    used 10941K, capacity 12225K, committed 12280K, reserved 1048576K
}

