# JRE version: Java(TM) SE Runtime Environment (11.0.5+10) (build 11.0.5+10-LTS)
# Java VM: Java HotSpot(TM) 64-Bit Server VM (11.0.5+10-LTS, mixed mode, tiered, compressed oops, g1 gc, windows-amd64)
Heap:
 garbage-first heap   total 477184K, used 245248K [0x0000000701600000, 0x0000000800000000)
  region size 1024K, 143 young (146432K), 12 survivors (12288K)
 Metaspace       used 101387K, capacity 104476K, committed 104676K, reserved 1142784K
  class space    used 10612K, capacity 11812K, committed 11844K, reserved 1048576K
GC Heap History (10 events):
Event: 3.751 GC heap before
{Heap before GC invocations=8 (full 0):
 garbage-first heap   total 351232K, used 84095K [0x0000000701600000, 0x0000000800000000)
  region size 1024K, 73 young (74752K), 7 survivors (7168K)
 Metaspace       used 59156K, capacity 60425K, committed 60508K, reserved 1103872K
  class space    used 6652K, capacity 7089K, committed 7120K, reserved 1048576K
}
Event: 3.786 GC heap after
{Heap after GC invocations=9 (full 0):
 garbage-first heap   total 351232K, used 27585K [0x0000000701600000, 0x0000000800000000)
  region size 1024K, 16 young (16384K), 16 survivors (16384K)
 Metaspace       used 59156K, capacity 60425K, committed 60508K, reserved 1103872K
  class space    used 6652K, capacity 7089K, committed 7120K, reserved 1048576K
}
Event: 5.666 GC heap before
{Heap before GC invocations=10 (full 0):
 garbage-first heap   total 351232K, used 119745K [0x0000000701600000, 0x0000000800000000)
  region size 1024K, 101 young (103424K), 16 survivors (16384K)
 Metaspace       used 68844K, capacity 70525K, committed 70608K, reserved 1112064K
  class space    used 7708K, capacity 8348K, committed 8400K, reserved 1048576K
}
Event: 5.690 GC heap after
{Heap after GC invocations=11 (full 0):
 garbage-first heap   total 351232K, used 44501K [0x0000000701600000, 0x0000000800000000)
  region size 1024K, 13 young (13312K), 13 survivors (13312K)
 Metaspace       used 68844K, capacity 70525K, committed 70608K, reserved 1112064K
  class space    used 7708K, capacity 8348K, committed 8400K, reserved 1048576K
}
Event: 6.499 GC heap before
{Heap before GC invocations=11 (full 0):
 garbage-first heap   total 351232K, used 152021K [0x0000000701600000, 0x0000000800000000)
  region size 1024K, 117 young (119808K), 13 survivors (13312K)
 Metaspace       used 71586K, capacity 73692K, committed 73808K, reserved 1114112K
  class space    used 8156K, capacity 8954K, committed 9040K, reserved 1048576K
}
Event: 6.521 GC heap after
{Heap after GC invocations=12 (full 0):
 garbage-first heap   total 477184K, used 75776K [0x0000000701600000, 0x0000000800000000)
  region size 1024K, 15 young (15360K), 15 survivors (15360K)
 Metaspace       used 71586K, capacity 73692K, committed 73808K, reserved 1114112K
  class space    used 8156K, capacity 8954K, committed 9040K, reserved 1048576K
}
Event: 7.986 GC heap before
{Heap before GC invocations=12 (full 0):
 garbage-first heap   total 477184K, used 211968K [0x0000000701600000, 0x0000000800000000)
  region size 1024K, 141 young (144384K), 15 survivors (15360K)
 Metaspace       used 85586K, capacity 88660K, committed 88912K, reserved 1128448K
  class space    used 9596K, capacity 10777K, committed 10832K, reserved 1048576K
}
Event: 8.009 GC heap after
{Heap after GC invocations=13 (full 0):
 garbage-first heap   total 477184K, used 100352K [0x0000000701600000, 0x0000000800000000)
  region size 1024K, 18 young (18432K), 18 survivors (18432K)
 Metaspace       used 85586K, capacity 88660K, committed 88912K, reserved 1128448K
  class space    used 9596K, capacity 10777K, committed 10832K, reserved 1048576K
}
Event: 9.199 GC heap before
{Heap before GC invocations=13 (full 0):
 garbage-first heap   total 477184K, used 192512K [0x0000000701600000, 0x0000000800000000)
  region size 1024K, 103 young (105472K), 18 survivors (18432K)
 Metaspace       used 98099K, capacity 101182K, committed 101400K, reserved 1138688K
  class space    used 10425K, capacity 11600K, committed 11640K, reserved 1048576K
}
Event: 9.236 GC heap after
{Heap after GC invocations=14 (full 0):
 garbage-first heap   total 477184K, used 118272K [0x0000000701600000, 0x0000000800000000)
  region size 1024K, 12 young (12288K), 12 survivors (12288K)
 Metaspace       used 98099K, capacity 101182K, committed 101400K, reserved 1138688K
  class space    used 10425K, capacity 11600K, committed 11640K, reserved 1048576K
}

