# JRE version: Java(TM) SE Runtime Environment (11.0.5+10) (build 11.0.5+10-LTS)
# Java VM: Java HotSpot(TM) 64-Bit Server VM (11.0.5+10-LTS, mixed mode, tiered, compressed oops, g1 gc, windows-amd64)
Heap:
 garbage-first heap   total 375808K, used 178794K [0x0000000701600000, 0x0000000800000000)
  region size 1024K, 56 young (57344K), 6 survivors (6144K)
 Metaspace       used 107699K, capacity 110991K, committed 111140K, reserved 1148928K
  class space    used 10930K, capacity 12230K, committed 12324K, reserved 1048576K
GC Heap History (10 events):
Event: 11.004 GC heap before
{Heap before GC invocations=14 (full 0):
 garbage-first heap   total 437248K, used 140800K [0x0000000701600000, 0x0000000800000000)
  region size 1024K, 45 young (46080K), 22 survivors (22528K)
 Metaspace       used 100797K, capacity 103922K, committed 104356K, reserved 1142784K
  class space    used 10610K, capacity 11821K, committed 11940K, reserved 1048576K
}
Event: 11.033 GC heap after
{Heap after GC invocations=15 (full 0):
 garbage-first heap   total 437248K, used 111744K [0x0000000701600000, 0x0000000800000000)
  region size 1024K, 6 young (6144K), 6 survivors (6144K)
 Metaspace       used 100797K, capacity 103922K, committed 104356K, reserved 1142784K
  class space    used 10610K, capacity 11821K, committed 11940K, reserved 1048576K
}
Event: 12.623 GC heap before
{Heap before GC invocations=16 (full 0):
 garbage-first heap   total 437248K, used 237696K [0x0000000701600000, 0x0000000800000000)
  region size 1024K, 132 young (135168K), 6 survivors (6144K)
 Metaspace       used 101749K, capacity 104884K, committed 105124K, reserved 1142784K
  class space    used 10628K, capacity 11863K, committed 11940K, reserved 1048576K
}
Event: 12.635 GC heap after
{Heap after GC invocations=17 (full 0):
 garbage-first heap   total 437248K, used 116864K [0x0000000701600000, 0x0000000800000000)
  region size 1024K, 14 young (14336K), 14 survivors (14336K)
 Metaspace       used 101749K, capacity 104884K, committed 105124K, reserved 1142784K
  class space    used 10628K, capacity 11863K, committed 11940K, reserved 1048576K
}
Event: 31.366 GC heap before
{Heap before GC invocations=18 (full 0):
 garbage-first heap   total 437248K, used 263296K [0x0000000701600000, 0x0000000800000000)
  region size 1024K, 151 young (154624K), 14 survivors (14336K)
 Metaspace       used 105453K, capacity 108688K, committed 108836K, reserved 1146880K
  class space    used 10797K, capacity 12052K, committed 12068K, reserved 1048576K
}
Event: 31.399 GC heap after
{Heap after GC invocations=19 (full 0):
 garbage-first heap   total 437248K, used 158372K [0x0000000701600000, 0x0000000800000000)
  region size 1024K, 19 young (19456K), 19 survivors (19456K)
 Metaspace       used 105453K, capacity 108688K, committed 108836K, reserved 1146880K
  class space    used 10797K, capacity 12052K, committed 12068K, reserved 1048576K
}
Event: 37.730 GC heap before
{Heap before GC invocations=19 (full 0):
 garbage-first heap   total 437248K, used 211620K [0x0000000701600000, 0x0000000800000000)
  region size 1024K, 72 young (73728K), 19 survivors (19456K)
 Metaspace       used 106517K, capacity 109758K, committed 109988K, reserved 1146880K
  class space    used 10828K, capacity 12101K, committed 12196K, reserved 1048576K
}
Event: 37.862 GC heap after
{Heap after GC invocations=20 (full 1):
 garbage-first heap   total 375808K, used 110186K [0x0000000701600000, 0x0000000800000000)
  region size 1024K, 0 young (0K), 0 survivors (0K)
 Metaspace       used 106517K, capacity 109758K, committed 109988K, reserved 1146880K
  class space    used 10828K, capacity 12101K, committed 12196K, reserved 1048576K
}
Event: 347.160 GC heap before
{Heap before GC invocations=20 (full 1):
 garbage-first heap   total 375808K, used 240234K [0x0000000701600000, 0x0000000800000000)
  region size 1024K, 114 young (116736K), 0 survivors (0K)
 Metaspace       used 107506K, capacity 110730K, committed 111012K, reserved 1148928K
  class space    used 10901K, capacity 12162K, committed 12196K, reserved 1048576K
}
Event: 347.163 GC heap after
{Heap after GC invocations=21 (full 1):
 garbage-first heap   total 375808K, used 129642K [0x0000000701600000, 0x0000000800000000)
  region size 1024K, 6 young (6144K), 6 survivors (6144K)
 Metaspace       used 107506K, capacity 110730K, committed 111012K, reserved 1148928K
  class space    used 10901K, capacity 12162K, committed 12196K, reserved 1048576K
}

