# JRE version: Java(TM) SE Runtime Environment (11.0.5+10) (build 11.0.5+10-LTS)
# Java VM: Java HotSpot(TM) 64-Bit Server VM (11.0.5+10-LTS, mixed mode, tiered, compressed oops, g1 gc, windows-amd64)
Heap:
 garbage-first heap   total 386048K, used 140987K [0x0000000701600000, 0x0000000800000000)
  region size 1024K, 26 young (26624K), 0 survivors (0K)
 Metaspace       used 110916K, capacity 114374K, committed 114628K, reserved 1150976K
  class space    used 10979K, capacity 12308K, committed 12324K, reserved 1048576K
GC Heap History (10 events):
Event: 1529.921 GC heap before
{Heap before GC invocations=186 (full 0):
 garbage-first heap   total 424960K, used 367309K [0x0000000701600000, 0x0000000800000000)
  region size 1024K, 118 young (120832K), 3 survivors (3072K)
 Metaspace       used 110720K, capacity 114108K, committed 114372K, reserved 1150976K
  class space    used 10951K, capacity 12239K, committed 12324K, reserved 1048576K
}
Event: 1529.923 GC heap after
{Heap after GC invocations=187 (full 0):
 garbage-first heap   total 424960K, used 250794K [0x0000000701600000, 0x0000000800000000)
  region size 1024K, 3 young (3072K), 3 survivors (3072K)
 Metaspace       used 110720K, capacity 114108K, committed 114372K, reserved 1150976K
  class space    used 10951K, capacity 12239K, committed 12324K, reserved 1048576K
}
Event: 1550.134 GC heap before
{Heap before GC invocations=187 (full 0):
 garbage-first heap   total 424960K, used 369578K [0x0000000701600000, 0x0000000800000000)
  region size 1024K, 119 young (121856K), 3 survivors (3072K)
 Metaspace       used 110730K, capacity 114114K, committed 114372K, reserved 1150976K
  class space    used 10951K, capacity 12240K, committed 12324K, reserved 1048576K
}
Event: 1550.137 GC heap after
{Heap after GC invocations=188 (full 0):
 garbage-first heap   total 424960K, used 250880K [0x0000000701600000, 0x0000000800000000)
  region size 1024K, 3 young (3072K), 3 survivors (3072K)
 Metaspace       used 110730K, capacity 114114K, committed 114372K, reserved 1150976K
  class space    used 10951K, capacity 12240K, committed 12324K, reserved 1048576K
}
Event: 1569.734 GC heap before
{Heap before GC invocations=188 (full 0):
 garbage-first heap   total 424960K, used 370688K [0x0000000701600000, 0x0000000800000000)
  region size 1024K, 120 young (122880K), 3 survivors (3072K)
 Metaspace       used 110733K, capacity 114114K, committed 114372K, reserved 1150976K
  class space    used 10951K, capacity 12240K, committed 12324K, reserved 1048576K
}
Event: 1569.736 GC heap after
{Heap after GC invocations=189 (full 0):
 garbage-first heap   total 424960K, used 251504K [0x0000000701600000, 0x0000000800000000)
  region size 1024K, 4 young (4096K), 4 survivors (4096K)
 Metaspace       used 110733K, capacity 114114K, committed 114372K, reserved 1150976K
  class space    used 10951K, capacity 12240K, committed 12324K, reserved 1048576K
}
Event: 1589.801 GC heap before
{Heap before GC invocations=189 (full 0):
 garbage-first heap   total 424960K, used 371312K [0x0000000701600000, 0x0000000800000000)
  region size 1024K, 121 young (123904K), 4 survivors (4096K)
 Metaspace       used 110736K, capacity 114178K, committed 114372K, reserved 1150976K
  class space    used 10951K, capacity 12240K, committed 12324K, reserved 1048576K
}
Event: 1589.805 GC heap after
{Heap after GC invocations=190 (full 0):
 garbage-first heap   total 424960K, used 251601K [0x0000000701600000, 0x0000000800000000)
  region size 1024K, 4 young (4096K), 4 survivors (4096K)
 Metaspace       used 110736K, capacity 114178K, committed 114372K, reserved 1150976K
  class space    used 10951K, capacity 12240K, committed 12324K, reserved 1048576K
}
Event: 1596.197 GC heap before
{Heap before GC invocations=190 (full 0):
 garbage-first heap   total 424960K, used 293585K [0x0000000701600000, 0x0000000800000000)
  region size 1024K, 47 young (48128K), 4 survivors (4096K)
 Metaspace       used 110755K, capacity 114178K, committed 114372K, reserved 1150976K
  class space    used 10951K, capacity 12240K, committed 12324K, reserved 1048576K
}
Event: 1596.314 GC heap after
{Heap after GC invocations=191 (full 1):
 garbage-first heap   total 386048K, used 113339K [0x0000000701600000, 0x0000000800000000)
  region size 1024K, 0 young (0K), 0 survivors (0K)
 Metaspace       used 110755K, capacity 114178K, committed 114372K, reserved 1150976K
  class space    used 10951K, capacity 12240K, committed 12324K, reserved 1048576K
}

