# JRE version: Java(TM) SE Runtime Environment (11.0.5+10) (build 11.0.5+10-LTS)
# Java VM: Java HotSpot(TM) 64-Bit Server VM (11.0.5+10-LTS, mixed mode, tiered, compressed oops, g1 gc, windows-amd64)
Heap:
 garbage-first heap   total 375808K, used 137555K [0x0000000701600000, 0x0000000800000000)
  region size 1024K, 26 young (26624K), 0 survivors (0K)
 Metaspace       used 107512K, capacity 110776K, committed 111008K, reserved 1148928K
  class space    used 10876K, capacity 12151K, committed 12224K, reserved 1048576K
GC Heap History (10 events):
Event: 64.002 GC heap before
{Heap before GC invocations=18 (full 0):
 garbage-first heap   total 428032K, used 308224K [0x0000000701600000, 0x0000000800000000)
  region size 1024K, 159 young (162816K), 22 survivors (22528K)
 Metaspace       used 106959K, capacity 110227K, committed 110496K, reserved 1146880K
  class space    used 10831K, capacity 12103K, committed 12224K, reserved 1048576K
}
Event: 64.016 GC heap after
{Heap after GC invocations=19 (full 0):
 garbage-first heap   total 428032K, used 171008K [0x0000000701600000, 0x0000000800000000)
  region size 1024K, 2 young (2048K), 2 survivors (2048K)
 Metaspace       used 106959K, capacity 110227K, committed 110496K, reserved 1146880K
  class space    used 10831K, capacity 12103K, committed 12224K, reserved 1048576K
}
Event: 72.075 GC heap before
{Heap before GC invocations=19 (full 0):
 garbage-first heap   total 428032K, used 316416K [0x0000000701600000, 0x0000000800000000)
  region size 1024K, 144 young (147456K), 2 survivors (2048K)
 Metaspace       used 107130K, capacity 110358K, committed 110496K, reserved 1146880K
  class space    used 10832K, capacity 12104K, committed 12224K, reserved 1048576K
}
Event: 72.085 GC heap after
{Heap after GC invocations=20 (full 0):
 garbage-first heap   total 428032K, used 188928K [0x0000000701600000, 0x0000000800000000)
  region size 1024K, 18 young (18432K), 18 survivors (18432K)
 Metaspace       used 107130K, capacity 110358K, committed 110496K, reserved 1146880K
  class space    used 10832K, capacity 12104K, committed 12224K, reserved 1048576K
}
Event: 79.893 GC heap before
{Heap before GC invocations=20 (full 0):
 garbage-first heap   total 428032K, used 324096K [0x0000000701600000, 0x0000000800000000)
  region size 1024K, 151 young (154624K), 18 survivors (18432K)
 Metaspace       used 107244K, capacity 110455K, committed 110752K, reserved 1148928K
  class space    used 10844K, capacity 12110K, committed 12224K, reserved 1048576K
}
Event: 79.901 GC heap after
{Heap after GC invocations=21 (full 0):
 garbage-first heap   total 428032K, used 191488K [0x0000000701600000, 0x0000000800000000)
  region size 1024K, 2 young (2048K), 2 survivors (2048K)
 Metaspace       used 107244K, capacity 110455K, committed 110752K, reserved 1148928K
  class space    used 10844K, capacity 12110K, committed 12224K, reserved 1048576K
}
Event: 89.590 GC heap before
{Heap before GC invocations=21 (full 0):
 garbage-first heap   total 428032K, used 331776K [0x0000000701600000, 0x0000000800000000)
  region size 1024K, 139 young (142336K), 2 survivors (2048K)
 Metaspace       used 107258K, capacity 110523K, committed 110752K, reserved 1148928K
  class space    used 10844K, capacity 12110K, committed 12224K, reserved 1048576K
}
Event: 89.593 GC heap after
{Heap after GC invocations=22 (full 0):
 garbage-first heap   total 428032K, used 191402K [0x0000000701600000, 0x0000000800000000)
  region size 1024K, 2 young (2048K), 2 survivors (2048K)
 Metaspace       used 107258K, capacity 110523K, committed 110752K, reserved 1148928K
  class space    used 10844K, capacity 12110K, committed 12224K, reserved 1048576K
}
Event: 98.619 GC heap before
{Heap before GC invocations=22 (full 0):
 garbage-first heap   total 428032K, used 313258K [0x0000000701600000, 0x0000000800000000)
  region size 1024K, 123 young (125952K), 2 survivors (2048K)
 Metaspace       used 107332K, capacity 110602K, committed 110752K, reserved 1148928K
  class space    used 10848K, capacity 12115K, committed 12224K, reserved 1048576K
}
Event: 98.721 GC heap after
{Heap after GC invocations=23 (full 1):
 garbage-first heap   total 375808K, used 109907K [0x0000000701600000, 0x0000000800000000)
  region size 1024K, 0 young (0K), 0 survivors (0K)
 Metaspace       used 107332K, capacity 110602K, committed 110752K, reserved 1148928K
  class space    used 10848K, capacity 12115K, committed 12224K, reserved 1048576K
}

