# JRE version: Java(TM) SE Runtime Environment (11.0.5+10) (build 11.0.5+10-LTS)
# Java VM: Java HotSpot(TM) 64-Bit Server VM (11.0.5+10-LTS, mixed mode, tiered, compressed oops, g1 gc, windows-amd64)
Heap:
 garbage-first heap   total 347136K, used 139264K [0x0000000701600000, 0x0000000800000000)
  region size 1024K, 38 young (38912K), 18 survivors (18432K)
 Metaspace       used 86766K, capacity 89872K, committed 90112K, reserved 1128448K
  class space    used 9738K, capacity 10940K, committed 11008K, reserved 1048576K
GC Heap History (10 events):
Event: 2.745 GC heap before
{Heap before GC invocations=7 (full 0):
 garbage-first heap   total 262144K, used 55019K [0x0000000701600000, 0x0000000800000000)
  region size 1024K, 49 young (50176K), 5 survivors (5120K)
 Metaspace       used 46965K, capacity 48117K, committed 48384K, reserved 1091584K
  class space    used 5123K, capacity 5532K, committed 5632K, reserved 1048576K
}
Event: 2.763 GC heap after
{Heap after GC invocations=8 (full 0):
 garbage-first heap   total 262144K, used 16609K [0x0000000701600000, 0x0000000800000000)
  region size 1024K, 7 young (7168K), 7 survivors (7168K)
 Metaspace       used 46965K, capacity 48117K, committed 48384K, reserved 1091584K
  class space    used 5123K, capacity 5532K, committed 5632K, reserved 1048576K
}
Event: 3.901 GC heap before
{Heap before GC invocations=8 (full 0):
 garbage-first heap   total 262144K, used 86241K [0x0000000701600000, 0x0000000800000000)
  region size 1024K, 77 young (78848K), 7 survivors (7168K)
 Metaspace       used 58825K, capacity 60203K, committed 60416K, reserved 1101824K
  class space    used 6600K, capacity 7058K, committed 7168K, reserved 1048576K
}
Event: 3.929 GC heap after
{Heap after GC invocations=9 (full 0):
 garbage-first heap   total 347136K, used 26276K [0x0000000701600000, 0x0000000800000000)
  region size 1024K, 11 young (11264K), 11 survivors (11264K)
 Metaspace       used 58825K, capacity 60203K, committed 60416K, reserved 1101824K
  class space    used 6600K, capacity 7058K, committed 7168K, reserved 1048576K
}
Event: 5.410 GC heap before
{Heap before GC invocations=10 (full 0):
 garbage-first heap   total 347136K, used 115364K [0x0000000701600000, 0x0000000800000000)
  region size 1024K, 93 young (95232K), 11 survivors (11264K)
 Metaspace       used 67977K, capacity 69598K, committed 69632K, reserved 1110016K
  class space    used 7588K, capacity 8166K, committed 8192K, reserved 1048576K
}
Event: 5.426 GC heap after
{Heap after GC invocations=11 (full 0):
 garbage-first heap   total 347136K, used 41171K [0x0000000701600000, 0x0000000800000000)
  region size 1024K, 12 young (12288K), 12 survivors (12288K)
 Metaspace       used 67977K, capacity 69598K, committed 69632K, reserved 1110016K
  class space    used 7588K, capacity 8166K, committed 8192K, reserved 1048576K
}
Event: 7.215 GC heap before
{Heap before GC invocations=11 (full 0):
 garbage-first heap   total 347136K, used 157907K [0x0000000701600000, 0x0000000800000000)
  region size 1024K, 123 young (125952K), 12 survivors (12288K)
 Metaspace       used 74083K, capacity 76627K, committed 76800K, reserved 1116160K
  class space    used 8472K, capacity 9430K, committed 9472K, reserved 1048576K
}
Event: 7.245 GC heap after
{Heap after GC invocations=12 (full 0):
 garbage-first heap   total 347136K, used 74122K [0x0000000701600000, 0x0000000800000000)
  region size 1024K, 16 young (16384K), 16 survivors (16384K)
 Metaspace       used 74083K, capacity 76627K, committed 76800K, reserved 1116160K
  class space    used 8472K, capacity 9430K, committed 9472K, reserved 1048576K
}
Event: 9.946 GC heap before
{Heap before GC invocations=12 (full 0):
 garbage-first heap   total 347136K, used 202122K [0x0000000701600000, 0x0000000800000000)
  region size 1024K, 139 young (142336K), 16 survivors (16384K)
 Metaspace       used 86635K, capacity 89712K, committed 90112K, reserved 1128448K
  class space    used 9724K, capacity 10908K, committed 11008K, reserved 1048576K
}
Event: 10.019 GC heap after
{Heap after GC invocations=13 (full 0):
 garbage-first heap   total 347136K, used 119808K [0x0000000701600000, 0x0000000800000000)
  region size 1024K, 18 young (18432K), 18 survivors (18432K)
 Metaspace       used 86635K, capacity 89712K, committed 90112K, reserved 1128448K
  class space    used 9724K, capacity 10908K, committed 11008K, reserved 1048576K
}

