# JRE version: Java(TM) SE Runtime Environment (11.0.5+10) (build 11.0.5+10-LTS)
# Java VM: Java HotSpot(TM) 64-Bit Server VM (11.0.5+10-LTS, mixed mode, tiered, compressed oops, g1 gc, windows-amd64)
Heap:
 garbage-first heap   total 408576K, used 174592K [0x0000000701600000, 0x0000000800000000)
  region size 1024K, 89 young (91136K), 17 survivors (17408K)
 Metaspace       used 86782K, capacity 89928K, committed 90188K, reserved 1128448K
  class space    used 9749K, capacity 10941K, committed 11008K, reserved 1048576K
GC Heap History (10 events):
Event: 3.193 GC heap before
{Heap before GC invocations=7 (full 0):
 garbage-first heap   total 315392K, used 70019K [0x0000000701600000, 0x0000000800000000)
  region size 1024K, 64 young (65536K), 7 survivors (7168K)
 Metaspace       used 47007K, capacity 48186K, committed 48536K, reserved 1091584K
  class space    used 5112K, capacity 5534K, committed 5632K, reserved 1048576K
}
Event: 3.209 GC heap after
{Heap after GC invocations=8 (full 0):
 garbage-first heap   total 315392K, used 19861K [0x0000000701600000, 0x0000000800000000)
  region size 1024K, 8 young (8192K), 8 survivors (8192K)
 Metaspace       used 47007K, capacity 48186K, committed 48536K, reserved 1091584K
  class space    used 5112K, capacity 5534K, committed 5632K, reserved 1048576K
}
Event: 4.417 GC heap before
{Heap before GC invocations=9 (full 0):
 garbage-first heap   total 315392K, used 98709K [0x0000000701600000, 0x0000000800000000)
  region size 1024K, 86 young (88064K), 8 survivors (8192K)
 Metaspace       used 60803K, capacity 62161K, committed 62232K, reserved 1103872K
  class space    used 6786K, capacity 7287K, committed 7296K, reserved 1048576K
}
Event: 4.436 GC heap after
{Heap after GC invocations=10 (full 0):
 garbage-first heap   total 315392K, used 30871K [0x0000000701600000, 0x0000000800000000)
  region size 1024K, 11 young (11264K), 11 survivors (11264K)
 Metaspace       used 60803K, capacity 62161K, committed 62232K, reserved 1103872K
  class space    used 6786K, capacity 7287K, committed 7296K, reserved 1048576K
}
Event: 6.500 GC heap before
{Heap before GC invocations=10 (full 0):
 garbage-first heap   total 315392K, used 144535K [0x0000000701600000, 0x0000000800000000)
  region size 1024K, 114 young (116736K), 11 survivors (11264K)
 Metaspace       used 70890K, capacity 72921K, committed 72984K, reserved 1114112K
  class space    used 8006K, capacity 8803K, committed 8832K, reserved 1048576K
}
Event: 6.529 GC heap after
{Heap after GC invocations=11 (full 0):
 garbage-first heap   total 315392K, used 57324K [0x0000000701600000, 0x0000000800000000)
  region size 1024K, 15 young (15360K), 15 survivors (15360K)
 Metaspace       used 70890K, capacity 72921K, committed 72984K, reserved 1114112K
  class space    used 8006K, capacity 8803K, committed 8832K, reserved 1048576K
}
Event: 7.299 GC heap before
{Heap before GC invocations=11 (full 0):
 garbage-first heap   total 315392K, used 170988K [0x0000000701600000, 0x0000000800000000)
  region size 1024K, 125 young (128000K), 15 survivors (15360K)
 Metaspace       used 75973K, capacity 78808K, committed 79000K, reserved 1118208K
  class space    used 8828K, capacity 9885K, committed 9984K, reserved 1048576K
}
Event: 7.328 GC heap after
{Heap after GC invocations=12 (full 0):
 garbage-first heap   total 408576K, used 83968K [0x0000000701600000, 0x0000000800000000)
  region size 1024K, 16 young (16384K), 16 survivors (16384K)
 Metaspace       used 75973K, capacity 78808K, committed 79000K, reserved 1118208K
  class space    used 8828K, capacity 9885K, committed 9984K, reserved 1048576K
}
Event: 7.529 GC heap before
{Heap before GC invocations=12 (full 0):
 garbage-first heap   total 408576K, used 116736K [0x0000000701600000, 0x0000000800000000)
  region size 1024K, 49 young (50176K), 16 survivors (16384K)
 Metaspace       used 77784K, capacity 80674K, committed 80896K, reserved 1120256K
  class space    used 9015K, capacity 10082K, committed 10112K, reserved 1048576K
}
Event: 7.542 GC heap after
{Heap after GC invocations=13 (full 0):
 garbage-first heap   total 408576K, used 96768K [0x0000000701600000, 0x0000000800000000)
  region size 1024K, 17 young (17408K), 17 survivors (17408K)
 Metaspace       used 77784K, capacity 80674K, committed 80896K, reserved 1120256K
  class space    used 9015K, capacity 10082K, committed 10112K, reserved 1048576K
}

