# JRE version: Java(TM) SE Runtime Environment (11.0.5+10) (build 11.0.5+10-LTS)
# Java VM: Java HotSpot(TM) 64-Bit Server VM (11.0.5+10-LTS, mixed mode, tiered, compressed oops, g1 gc, windows-amd64)
Heap:
 garbage-first heap   total 459776K, used 262144K [0x0000000701600000, 0x0000000800000000)
  region size 1024K, 178 young (182272K), 19 survivors (19456K)
 Metaspace       used 101335K, capacity 104448K, committed 104660K, reserved 1142784K
  class space    used 10582K, capacity 11779K, committed 11816K, reserved 1048576K
GC Heap History (10 events):
Event: 2.533 GC heap before
{Heap before GC invocations=7 (full 0):
 garbage-first heap   total 353280K, used 55763K [0x0000000701600000, 0x0000000800000000)
  region size 1024K, 49 young (50176K), 6 survivors (6144K)
 Metaspace       used 46938K, capacity 48179K, committed 48384K, reserved 1091584K
  class space    used 5103K, capacity 5531K, committed 5632K, reserved 1048576K
}
Event: 2.540 GC heap after
{Heap after GC invocations=8 (full 0):
 garbage-first heap   total 353280K, used 16473K [0x0000000701600000, 0x0000000800000000)
  region size 1024K, 7 young (7168K), 7 survivors (7168K)
 Metaspace       used 46938K, capacity 48179K, committed 48384K, reserved 1091584K
  class space    used 5103K, capacity 5531K, committed 5632K, reserved 1048576K
}
Event: 3.585 GC heap before
{Heap before GC invocations=8 (full 0):
 garbage-first heap   total 353280K, used 86105K [0x0000000701600000, 0x0000000800000000)
  region size 1024K, 77 young (78848K), 7 survivors (7168K)
 Metaspace       used 58796K, capacity 60026K, committed 60160K, reserved 1101824K
  class space    used 6580K, capacity 7023K, committed 7040K, reserved 1048576K
}
Event: 3.610 GC heap after
{Heap after GC invocations=9 (full 0):
 garbage-first heap   total 353280K, used 26136K [0x0000000701600000, 0x0000000800000000)
  region size 1024K, 16 young (16384K), 16 survivors (16384K)
 Metaspace       used 58796K, capacity 60026K, committed 60160K, reserved 1101824K
  class space    used 6580K, capacity 7023K, committed 7040K, reserved 1048576K
}
Event: 6.020 GC heap before
{Heap before GC invocations=10 (full 0):
 garbage-first heap   total 353280K, used 173592K [0x0000000701600000, 0x0000000800000000)
  region size 1024K, 153 young (156672K), 16 survivors (16384K)
 Metaspace       used 73421K, capacity 75366K, committed 75648K, reserved 1116160K
  class space    used 8277K, capacity 8985K, committed 9088K, reserved 1048576K
}
Event: 6.048 GC heap after
{Heap after GC invocations=11 (full 0):
 garbage-first heap   total 353280K, used 60605K [0x0000000701600000, 0x0000000800000000)
  region size 1024K, 20 young (20480K), 20 survivors (20480K)
 Metaspace       used 73421K, capacity 75366K, committed 75648K, reserved 1116160K
  class space    used 8277K, capacity 8985K, committed 9088K, reserved 1048576K
}
Event: 7.238 GC heap before
{Heap before GC invocations=11 (full 0):
 garbage-first heap   total 353280K, used 201917K [0x0000000701600000, 0x0000000800000000)
  region size 1024K, 152 young (155648K), 20 survivors (20480K)
 Metaspace       used 79547K, capacity 81994K, committed 82048K, reserved 1122304K
  class space    used 8897K, capacity 9806K, committed 9856K, reserved 1048576K
}
Event: 7.260 GC heap after
{Heap after GC invocations=12 (full 0):
 garbage-first heap   total 459776K, used 81408K [0x0000000701600000, 0x0000000800000000)
  region size 1024K, 17 young (17408K), 17 survivors (17408K)
 Metaspace       used 79547K, capacity 81994K, committed 82048K, reserved 1122304K
  class space    used 8897K, capacity 9806K, committed 9856K, reserved 1048576K
}
Event: 9.412 GC heap before
{Heap before GC invocations=12 (full 0):
 garbage-first heap   total 459776K, used 193024K [0x0000000701600000, 0x0000000800000000)
  region size 1024K, 126 young (129024K), 17 survivors (17408K)
 Metaspace       used 97314K, capacity 100395K, committed 100696K, reserved 1138688K
  class space    used 10365K, capacity 11553K, committed 11688K, reserved 1048576K
}
Event: 9.488 GC heap after
{Heap after GC invocations=13 (full 0):
 garbage-first heap   total 459776K, used 100352K [0x0000000701600000, 0x0000000800000000)
  region size 1024K, 19 young (19456K), 19 survivors (19456K)
 Metaspace       used 97314K, capacity 100395K, committed 100696K, reserved 1138688K
  class space    used 10365K, capacity 11553K, committed 11688K, reserved 1048576K
}

