# JRE version: Java(TM) SE Runtime Environment (11.0.5+10) (build 11.0.5+10-LTS)
# Java VM: Java HotSpot(TM) 64-Bit Server VM (11.0.5+10-LTS, mixed mode, tiered, compressed oops, g1 gc, windows-amd64)
Heap:
 garbage-first heap   total 456704K, used 260267K [0x0000000701600000, 0x0000000800000000)
  region size 1024K, 30 young (30720K), 5 survivors (5120K)
 Metaspace       used 111405K, capacity 114925K, committed 115108K, reserved 1153024K
  class space    used 11009K, capacity 12368K, committed 12452K, reserved 1048576K
GC Heap History (10 events):
Event: 2372.465 GC heap before
{Heap before GC invocations=324 (full 0):
 garbage-first heap   total 456704K, used 385583K [0x0000000701600000, 0x0000000800000000)
  region size 1024K, 152 young (155648K), 5 survivors (5120K)
 Metaspace       used 111130K, capacity 114588K, committed 114724K, reserved 1150976K
  class space    used 10976K, capacity 12301K, committed 12324K, reserved 1048576K
}
Event: 2372.467 GC heap after
{Heap after GC invocations=325 (full 0):
 garbage-first heap   total 456704K, used 234414K [0x0000000701600000, 0x0000000800000000)
  region size 1024K, 5 young (5120K), 5 survivors (5120K)
 Metaspace       used 111130K, capacity 114588K, committed 114724K, reserved 1150976K
  class space    used 10976K, capacity 12301K, committed 12324K, reserved 1048576K
}
Event: 2381.347 GC heap before
{Heap before GC invocations=325 (full 0):
 garbage-first heap   total 456704K, used 386990K [0x0000000701600000, 0x0000000800000000)
  region size 1024K, 154 young (157696K), 5 survivors (5120K)
 Metaspace       used 111133K, capacity 114589K, committed 114724K, reserved 1150976K
  class space    used 10976K, capacity 12301K, committed 12324K, reserved 1048576K
}
Event: 2381.350 GC heap after
{Heap after GC invocations=326 (full 0):
 garbage-first heap   total 456704K, used 234745K [0x0000000701600000, 0x0000000800000000)
  region size 1024K, 5 young (5120K), 5 survivors (5120K)
 Metaspace       used 111133K, capacity 114589K, committed 114724K, reserved 1150976K
  class space    used 10976K, capacity 12301K, committed 12324K, reserved 1048576K
}
Event: 2391.471 GC heap before
{Heap before GC invocations=326 (full 0):
 garbage-first heap   total 456704K, used 389369K [0x0000000701600000, 0x0000000800000000)
  region size 1024K, 157 young (160768K), 5 survivors (5120K)
 Metaspace       used 111134K, capacity 114589K, committed 114724K, reserved 1150976K
  class space    used 10976K, capacity 12301K, committed 12324K, reserved 1048576K
}
Event: 2391.473 GC heap after
{Heap after GC invocations=327 (full 0):
 garbage-first heap   total 456704K, used 234239K [0x0000000701600000, 0x0000000800000000)
  region size 1024K, 5 young (5120K), 5 survivors (5120K)
 Metaspace       used 111134K, capacity 114589K, committed 114724K, reserved 1150976K
  class space    used 10976K, capacity 12301K, committed 12324K, reserved 1048576K
}
Event: 2401.864 GC heap before
{Heap before GC invocations=327 (full 0):
 garbage-first heap   total 456704K, used 392959K [0x0000000701600000, 0x0000000800000000)
  region size 1024K, 160 young (163840K), 5 survivors (5120K)
 Metaspace       used 111134K, capacity 114589K, committed 114724K, reserved 1150976K
  class space    used 10976K, capacity 12301K, committed 12324K, reserved 1048576K
}
Event: 2401.866 GC heap after
{Heap after GC invocations=328 (full 0):
 garbage-first heap   total 456704K, used 234226K [0x0000000701600000, 0x0000000800000000)
  region size 1024K, 5 young (5120K), 5 survivors (5120K)
 Metaspace       used 111134K, capacity 114589K, committed 114724K, reserved 1150976K
  class space    used 10976K, capacity 12301K, committed 12324K, reserved 1048576K
}
Event: 2443.509 GC heap before
{Heap before GC invocations=328 (full 0):
 garbage-first heap   total 456704K, used 397042K [0x0000000701600000, 0x0000000800000000)
  region size 1024K, 162 young (165888K), 5 survivors (5120K)
 Metaspace       used 111211K, capacity 114691K, committed 114852K, reserved 1150976K
  class space    used 10984K, capacity 12333K, committed 12452K, reserved 1048576K
}
Event: 2443.511 GC heap after
{Heap after GC invocations=329 (full 0):
 garbage-first heap   total 456704K, used 236715K [0x0000000701600000, 0x0000000800000000)
  region size 1024K, 5 young (5120K), 5 survivors (5120K)
 Metaspace       used 111211K, capacity 114691K, committed 114852K, reserved 1150976K
  class space    used 10984K, capacity 12333K, committed 12452K, reserved 1048576K
}

