# JRE version: Java(TM) SE Runtime Environment (11.0.5+10) (build 11.0.5+10-LTS)
# Java VM: Java HotSpot(TM) 64-Bit Server VM (11.0.5+10-LTS, mixed mode, tiered, compressed oops, g1 gc, windows-amd64)
Heap:
 garbage-first heap   total 378880K, used 152064K [0x0000000701600000, 0x0000000800000000)
  region size 1024K, 76 young (77824K), 19 survivors (19456K)
 Metaspace       used 84806K, capacity 87869K, committed 88304K, reserved 1126400K
  class space    used 9485K, capacity 10655K, committed 10752K, reserved 1048576K
GC Heap History (10 events):
Event: 2.715 GC heap before
{Heap before GC invocations=7 (full 0):
 garbage-first heap   total 315392K, used 59367K [0x0000000701600000, 0x0000000800000000)
  region size 1024K, 52 young (53248K), 5 survivors (5120K)
 Metaspace       used 43990K, capacity 45194K, committed 45436K, reserved 1089536K
  class space    used 4782K, capacity 5176K, committed 5248K, reserved 1048576K
}
Event: 2.728 GC heap after
{Heap after GC invocations=8 (full 0):
 garbage-first heap   total 315392K, used 18516K [0x0000000701600000, 0x0000000800000000)
  region size 1024K, 7 young (7168K), 7 survivors (7168K)
 Metaspace       used 43990K, capacity 45194K, committed 45436K, reserved 1089536K
  class space    used 4782K, capacity 5176K, committed 5248K, reserved 1048576K
}
Event: 4.475 GC heap before
{Heap before GC invocations=8 (full 0):
 garbage-first heap   total 315392K, used 89172K [0x0000000701600000, 0x0000000800000000)
  region size 1024K, 77 young (78848K), 7 survivors (7168K)
 Metaspace       used 57052K, capacity 58392K, committed 58620K, reserved 1101824K
  class space    used 6383K, capacity 6861K, committed 6912K, reserved 1048576K
}
Event: 4.489 GC heap after
{Heap after GC invocations=9 (full 0):
 garbage-first heap   total 315392K, used 29057K [0x0000000701600000, 0x0000000800000000)
  region size 1024K, 10 young (10240K), 10 survivors (10240K)
 Metaspace       used 57052K, capacity 58392K, committed 58620K, reserved 1101824K
  class space    used 6383K, capacity 6861K, committed 6912K, reserved 1048576K
}
Event: 5.306 GC heap before
{Heap before GC invocations=9 (full 0):
 garbage-first heap   total 315392K, used 72065K [0x0000000701600000, 0x0000000800000000)
  region size 1024K, 54 young (55296K), 10 survivors (10240K)
 Metaspace       used 59003K, capacity 60330K, committed 60540K, reserved 1103872K
  class space    used 6565K, capacity 7011K, committed 7040K, reserved 1048576K
}
Event: 5.317 GC heap after
{Heap after GC invocations=10 (full 0):
 garbage-first heap   total 315392K, used 36426K [0x0000000701600000, 0x0000000800000000)
  region size 1024K, 9 young (9216K), 9 survivors (9216K)
 Metaspace       used 59003K, capacity 60330K, committed 60540K, reserved 1103872K
  class space    used 6565K, capacity 7011K, committed 7040K, reserved 1048576K
}
Event: 6.524 GC heap before
{Heap before GC invocations=11 (full 0):
 garbage-first heap   total 315392K, used 145994K [0x0000000701600000, 0x0000000800000000)
  region size 1024K, 110 young (112640K), 9 survivors (9216K)
 Metaspace       used 68306K, capacity 70290K, committed 70512K, reserved 1112064K
  class space    used 7752K, capacity 8464K, committed 8576K, reserved 1048576K
}
Event: 6.546 GC heap after
{Heap after GC invocations=12 (full 0):
 garbage-first heap   total 378880K, used 72044K [0x0000000701600000, 0x0000000800000000)
  region size 1024K, 14 young (14336K), 14 survivors (14336K)
 Metaspace       used 68306K, capacity 70290K, committed 70512K, reserved 1112064K
  class space    used 7752K, capacity 8464K, committed 8576K, reserved 1048576K
}
Event: 8.034 GC heap before
{Heap before GC invocations=12 (full 0):
 garbage-first heap   total 378880K, used 217452K [0x0000000701600000, 0x0000000800000000)
  region size 1024K, 151 young (154624K), 14 survivors (14336K)
 Metaspace       used 78306K, capacity 81273K, committed 81392K, reserved 1120256K
  class space    used 9001K, capacity 10121K, committed 10240K, reserved 1048576K
}
Event: 8.061 GC heap after
{Heap after GC invocations=13 (full 0):
 garbage-first heap   total 378880K, used 94720K [0x0000000701600000, 0x0000000800000000)
  region size 1024K, 19 young (19456K), 19 survivors (19456K)
 Metaspace       used 78306K, capacity 81273K, committed 81392K, reserved 1120256K
  class space    used 9001K, capacity 10121K, committed 10240K, reserved 1048576K
}

