# JRE version: Java(TM) SE Runtime Environment (11.0.5+10) (build 11.0.5+10-LTS)
# Java VM: Java HotSpot(TM) 64-Bit Server VM (11.0.5+10-LTS, mixed mode, tiered, compressed oops, g1 gc, windows-amd64)
Heap:
 garbage-first heap   total 386048K, used 142249K [0x0000000701600000, 0x0000000800000000)
  region size 1024K, 28 young (28672K), 0 survivors (0K)
 Metaspace       used 110500K, capacity 113936K, committed 114032K, reserved 1150976K
  class space    used 11011K, capacity 12322K, committed 12400K, reserved 1048576K
GC Heap History (10 events):
Event: 1007.205 GC heap before
{Heap before GC invocations=213 (full 0):
 garbage-first heap   total 459776K, used 401578K [0x0000000701600000, 0x0000000800000000)
  region size 1024K, 186 young (190464K), 11 survivors (11264K)
 Metaspace       used 110246K, capacity 113646K, committed 113904K, reserved 1150976K
  class space    used 10972K, capacity 12265K, committed 12272K, reserved 1048576K
}
Event: 1007.209 GC heap after
{Heap after GC invocations=214 (full 0):
 garbage-first heap   total 459776K, used 222896K [0x0000000701600000, 0x0000000800000000)
  region size 1024K, 12 young (12288K), 12 survivors (12288K)
 Metaspace       used 110246K, capacity 113646K, committed 113904K, reserved 1150976K
  class space    used 10972K, capacity 12265K, committed 12272K, reserved 1048576K
}
Event: 1019.998 GC heap before
{Heap before GC invocations=214 (full 0):
 garbage-first heap   total 459776K, used 400048K [0x0000000701600000, 0x0000000800000000)
  region size 1024K, 185 young (189440K), 12 survivors (12288K)
 Metaspace       used 110256K, capacity 113646K, committed 113904K, reserved 1150976K
  class space    used 10972K, capacity 12265K, committed 12272K, reserved 1048576K
}
Event: 1020.002 GC heap after
{Heap after GC invocations=215 (full 0):
 garbage-first heap   total 459776K, used 222384K [0x0000000701600000, 0x0000000800000000)
  region size 1024K, 11 young (11264K), 11 survivors (11264K)
 Metaspace       used 110256K, capacity 113646K, committed 113904K, reserved 1150976K
  class space    used 10972K, capacity 12265K, committed 12272K, reserved 1048576K
}
Event: 1032.619 GC heap before
{Heap before GC invocations=215 (full 0):
 garbage-first heap   total 459776K, used 401584K [0x0000000701600000, 0x0000000800000000)
  region size 1024K, 186 young (190464K), 11 survivors (11264K)
 Metaspace       used 110258K, capacity 113646K, committed 113904K, reserved 1150976K
  class space    used 10972K, capacity 12265K, committed 12272K, reserved 1048576K
}
Event: 1032.623 GC heap after
{Heap after GC invocations=216 (full 0):
 garbage-first heap   total 459776K, used 222896K [0x0000000701600000, 0x0000000800000000)
  region size 1024K, 12 young (12288K), 12 survivors (12288K)
 Metaspace       used 110258K, capacity 113646K, committed 113904K, reserved 1150976K
  class space    used 10972K, capacity 12265K, committed 12272K, reserved 1048576K
}
Event: 1041.391 GC heap before
{Heap before GC invocations=216 (full 0):
 garbage-first heap   total 459776K, used 400048K [0x0000000701600000, 0x0000000800000000)
  region size 1024K, 185 young (189440K), 12 survivors (12288K)
 Metaspace       used 110328K, capacity 113712K, committed 114032K, reserved 1150976K
  class space    used 10984K, capacity 12288K, committed 12400K, reserved 1048576K
}
Event: 1041.398 GC heap after
{Heap after GC invocations=217 (full 0):
 garbage-first heap   total 459776K, used 234158K [0x0000000701600000, 0x0000000800000000)
  region size 1024K, 23 young (23552K), 23 survivors (23552K)
 Metaspace       used 110328K, capacity 113712K, committed 114032K, reserved 1150976K
  class space    used 10984K, capacity 12288K, committed 12400K, reserved 1048576K
}
Event: 1042.688 GC heap before
{Heap before GC invocations=217 (full 0):
 garbage-first heap   total 459776K, used 254638K [0x0000000701600000, 0x0000000800000000)
  region size 1024K, 44 young (45056K), 23 survivors (23552K)
 Metaspace       used 110335K, capacity 113776K, committed 114032K, reserved 1150976K
  class space    used 10985K, capacity 12288K, committed 12400K, reserved 1048576K
}
Event: 1042.797 GC heap after
{Heap after GC invocations=218 (full 1):
 garbage-first heap   total 386048K, used 112553K [0x0000000701600000, 0x0000000800000000)
  region size 1024K, 0 young (0K), 0 survivors (0K)
 Metaspace       used 110335K, capacity 113776K, committed 114032K, reserved 1150976K
  class space    used 10985K, capacity 12288K, committed 12400K, reserved 1048576K
}

