# JRE version: Java(TM) SE Runtime Environment (11.0.5+10) (build 11.0.5+10-LTS)
# Java VM: Java HotSpot(TM) 64-Bit Server VM (11.0.5+10-LTS, mixed mode, tiered, compressed oops, g1 gc, windows-amd64)
Heap:
 garbage-first heap   total 413696K, used 156830K [0x0000000701600000, 0x0000000800000000)
  region size 1024K, 33 young (33792K), 0 survivors (0K)
 Metaspace       used 111418K, capacity 114877K, committed 115112K, reserved 1153024K
  class space    used 11030K, capacity 12377K, committed 12456K, reserved 1048576K
GC Heap History (10 events):
Event: 1916.137 GC heap before
{Heap before GC invocations=306 (full 0):
 garbage-first heap   total 459776K, used 332619K [0x0000000701600000, 0x0000000800000000)
  region size 1024K, 136 young (139264K), 2 survivors (2048K)
 Metaspace       used 111172K, capacity 114642K, committed 114856K, reserved 1150976K
  class space    used 10997K, capacity 12339K, committed 12456K, reserved 1048576K
}
Event: 1916.138 GC heap after
{Heap after GC invocations=307 (full 0):
 garbage-first heap   total 459776K, used 195514K [0x0000000701600000, 0x0000000800000000)
  region size 1024K, 2 young (2048K), 2 survivors (2048K)
 Metaspace       used 111172K, capacity 114642K, committed 114856K, reserved 1150976K
  class space    used 10997K, capacity 12339K, committed 12456K, reserved 1048576K
}
Event: 1929.786 GC heap before
{Heap before GC invocations=307 (full 0):
 garbage-first heap   total 459776K, used 339898K [0x0000000701600000, 0x0000000800000000)
  region size 1024K, 144 young (147456K), 2 survivors (2048K)
 Metaspace       used 111181K, capacity 114645K, committed 114856K, reserved 1150976K
  class space    used 10998K, capacity 12340K, committed 12456K, reserved 1048576K
}
Event: 1929.789 GC heap after
{Heap after GC invocations=308 (full 0):
 garbage-first heap   total 459776K, used 195660K [0x0000000701600000, 0x0000000800000000)
  region size 1024K, 3 young (3072K), 3 survivors (3072K)
 Metaspace       used 111181K, capacity 114645K, committed 114856K, reserved 1150976K
  class space    used 10998K, capacity 12340K, committed 12456K, reserved 1048576K
}
Event: 1942.864 GC heap before
{Heap before GC invocations=308 (full 0):
 garbage-first heap   total 459776K, used 356428K [0x0000000701600000, 0x0000000800000000)
  region size 1024K, 152 young (155648K), 3 survivors (3072K)
 Metaspace       used 111218K, capacity 114649K, committed 114856K, reserved 1150976K
  class space    used 10998K, capacity 12341K, committed 12456K, reserved 1048576K
}
Event: 1942.870 GC heap after
{Heap after GC invocations=309 (full 0):
 garbage-first heap   total 459776K, used 215508K [0x0000000701600000, 0x0000000800000000)
  region size 1024K, 14 young (14336K), 14 survivors (14336K)
 Metaspace       used 111218K, capacity 114649K, committed 114856K, reserved 1150976K
  class space    used 10998K, capacity 12341K, committed 12456K, reserved 1048576K
}
Event: 1957.582 GC heap before
{Heap before GC invocations=309 (full 0):
 garbage-first heap   total 459776K, used 360916K [0x0000000701600000, 0x0000000800000000)
  region size 1024K, 156 young (159744K), 14 survivors (14336K)
 Metaspace       used 111225K, capacity 114649K, committed 114856K, reserved 1150976K
  class space    used 10999K, capacity 12341K, committed 12456K, reserved 1048576K
}
Event: 1957.587 GC heap after
{Heap after GC invocations=310 (full 0):
 garbage-first heap   total 459776K, used 216979K [0x0000000701600000, 0x0000000800000000)
  region size 1024K, 2 young (2048K), 2 survivors (2048K)
 Metaspace       used 111225K, capacity 114649K, committed 114856K, reserved 1150976K
  class space    used 10999K, capacity 12341K, committed 12456K, reserved 1048576K
}
Event: 1971.767 GC heap before
{Heap before GC invocations=310 (full 0):
 garbage-first heap   total 459776K, used 359315K [0x0000000701600000, 0x0000000800000000)
  region size 1024K, 142 young (145408K), 2 survivors (2048K)
 Metaspace       used 111249K, capacity 114713K, committed 114856K, reserved 1150976K
  class space    used 11001K, capacity 12341K, committed 12456K, reserved 1048576K
}
Event: 1971.882 GC heap after
{Heap after GC invocations=311 (full 1):
 garbage-first heap   total 413696K, used 122014K [0x0000000701600000, 0x0000000800000000)
  region size 1024K, 0 young (0K), 0 survivors (0K)
 Metaspace       used 111249K, capacity 114713K, committed 114856K, reserved 1150976K
  class space    used 11001K, capacity 12341K, committed 12456K, reserved 1048576K
}

