# JRE version: Java(TM) SE Runtime Environment (11.0.5+10) (build 11.0.5+10-LTS)
# Java VM: Java HotSpot(TM) 64-Bit Server VM (11.0.5+10-LTS, mixed mode, tiered, compressed oops, g1 gc, windows-amd64)
Heap:
 garbage-first heap   total 386048K, used 264628K [0x0000000701600000, 0x0000000800000000)
  region size 1024K, 138 young (141312K), 0 survivors (0K)
 Metaspace       used 110269K, capacity 113605K, committed 113704K, reserved 1150976K
  class space    used 10980K, capacity 12296K, committed 12328K, reserved 1048576K
GC Heap History (10 events):
Event: 732.502 GC heap before
{Heap before GC invocations=127 (full 0):
 garbage-first heap   total 473088K, used 395727K [0x0000000701600000, 0x0000000800000000)
  region size 1024K, 166 young (169984K), 1 survivors (1024K)
 Metaspace       used 109953K, capacity 113278K, committed 113448K, reserved 1150976K
  class space    used 10933K, capacity 12229K, committed 12328K, reserved 1048576K
}
Event: 732.504 GC heap after
{Heap after GC invocations=128 (full 0):
 garbage-first heap   total 473088K, used 227207K [0x0000000701600000, 0x0000000800000000)
  region size 1024K, 2 young (2048K), 2 survivors (2048K)
 Metaspace       used 109953K, capacity 113278K, committed 113448K, reserved 1150976K
  class space    used 10933K, capacity 12229K, committed 12328K, reserved 1048576K
}
Event: 743.991 GC heap before
{Heap before GC invocations=128 (full 0):
 garbage-first heap   total 473088K, used 398215K [0x0000000701600000, 0x0000000800000000)
  region size 1024K, 169 young (173056K), 2 survivors (2048K)
 Metaspace       used 109954K, capacity 113278K, committed 113448K, reserved 1150976K
  class space    used 10933K, capacity 12229K, committed 12328K, reserved 1048576K
}
Event: 743.996 GC heap after
{Heap after GC invocations=129 (full 0):
 garbage-first heap   total 473088K, used 234626K [0x0000000701600000, 0x0000000800000000)
  region size 1024K, 9 young (9216K), 9 survivors (9216K)
 Metaspace       used 109954K, capacity 113278K, committed 113448K, reserved 1150976K
  class space    used 10933K, capacity 12229K, committed 12328K, reserved 1048576K
}
Event: 753.396 GC heap before
{Heap before GC invocations=129 (full 0):
 garbage-first heap   total 473088K, used 399490K [0x0000000701600000, 0x0000000800000000)
  region size 1024K, 170 young (174080K), 9 survivors (9216K)
 Metaspace       used 109971K, capacity 113344K, committed 113448K, reserved 1150976K
  class space    used 10935K, capacity 12229K, committed 12328K, reserved 1048576K
}
Event: 753.404 GC heap after
{Heap after GC invocations=130 (full 0):
 garbage-first heap   total 473088K, used 257648K [0x0000000701600000, 0x0000000800000000)
  region size 1024K, 22 young (22528K), 22 survivors (22528K)
 Metaspace       used 109971K, capacity 113344K, committed 113448K, reserved 1150976K
  class space    used 10935K, capacity 12229K, committed 12328K, reserved 1048576K
}
Event: 762.430 GC heap before
{Heap before GC invocations=130 (full 0):
 garbage-first heap   total 473088K, used 395888K [0x0000000701600000, 0x0000000800000000)
  region size 1024K, 157 young (160768K), 22 survivors (22528K)
 Metaspace       used 109977K, capacity 113344K, committed 113448K, reserved 1150976K
  class space    used 10935K, capacity 12229K, committed 12328K, reserved 1048576K
}
Event: 762.439 GC heap after
{Heap after GC invocations=131 (full 0):
 garbage-first heap   total 473088K, used 259255K [0x0000000701600000, 0x0000000800000000)
  region size 1024K, 2 young (2048K), 2 survivors (2048K)
 Metaspace       used 109977K, capacity 113344K, committed 113448K, reserved 1150976K
  class space    used 10935K, capacity 12229K, committed 12328K, reserved 1048576K
}
Event: 769.201 GC heap before
{Heap before GC invocations=131 (full 0):
 garbage-first heap   total 473088K, used 368823K [0x0000000701600000, 0x0000000800000000)
  region size 1024K, 111 young (113664K), 2 survivors (2048K)
 Metaspace       used 109984K, capacity 113344K, committed 113448K, reserved 1150976K
  class space    used 10935K, capacity 12229K, committed 12328K, reserved 1048576K
}
Event: 769.312 GC heap after
{Heap after GC invocations=132 (full 1):
 garbage-first heap   total 386048K, used 114100K [0x0000000701600000, 0x0000000800000000)
  region size 1024K, 0 young (0K), 0 survivors (0K)
 Metaspace       used 109984K, capacity 113344K, committed 113448K, reserved 1150976K
  class space    used 10935K, capacity 12229K, committed 12328K, reserved 1048576K
}

