# JRE version: Java(TM) SE Runtime Environment (11.0.5+10) (build 11.0.5+10-LTS)
# Java VM: Java HotSpot(TM) 64-Bit Server VM (11.0.5+10-LTS, mixed mode, tiered, compressed oops, g1 gc, windows-amd64)
Heap:
 garbage-first heap   total 403456K, used 129536K [0x0000000701600000, 0x0000000800000000)
  region size 1024K, 43 young (44032K), 18 survivors (18432K)
 Metaspace       used 101483K, capacity 104581K, committed 105008K, reserved 1142784K
  class space    used 10611K, capacity 11803K, committed 11896K, reserved 1048576K
GC Heap History (10 events):
Event: 3.402 GC heap before
{Heap before GC invocations=9 (full 0):
 garbage-first heap   total 315392K, used 86119K [0x0000000701600000, 0x0000000800000000)
  region size 1024K, 73 young (74752K), 7 survivors (7168K)
 Metaspace       used 56204K, capacity 57473K, committed 57808K, reserved 1099776K
  class space    used 6292K, capacity 6727K, committed 6864K, reserved 1048576K
}
Event: 3.414 GC heap after
{Heap after GC invocations=10 (full 0):
 garbage-first heap   total 315392K, used 28640K [0x0000000701600000, 0x0000000800000000)
  region size 1024K, 10 young (10240K), 10 survivors (10240K)
 Metaspace       used 56204K, capacity 57473K, committed 57808K, reserved 1099776K
  class space    used 6292K, capacity 6727K, committed 6864K, reserved 1048576K
}
Event: 5.827 GC heap before
{Heap before GC invocations=10 (full 0):
 garbage-first heap   total 315392K, used 128992K [0x0000000701600000, 0x0000000800000000)
  region size 1024K, 103 young (105472K), 10 survivors (10240K)
 Metaspace       used 70144K, capacity 71960K, committed 72016K, reserved 1112064K
  class space    used 7824K, capacity 8480K, committed 8528K, reserved 1048576K
}
Event: 5.844 GC heap after
{Heap after GC invocations=11 (full 0):
 garbage-first heap   total 315392K, used 45656K [0x0000000701600000, 0x0000000800000000)
  region size 1024K, 13 young (13312K), 13 survivors (13312K)
 Metaspace       used 70144K, capacity 71960K, committed 72016K, reserved 1112064K
  class space    used 7824K, capacity 8480K, committed 8528K, reserved 1048576K
}
Event: 6.933 GC heap before
{Heap before GC invocations=11 (full 0):
 garbage-first heap   total 315392K, used 139864K [0x0000000701600000, 0x0000000800000000)
  region size 1024K, 105 young (107520K), 13 survivors (13312K)
 Metaspace       used 73358K, capacity 75579K, committed 75656K, reserved 1116160K
  class space    used 8294K, capacity 9128K, committed 9168K, reserved 1048576K
}
Event: 6.959 GC heap after
{Heap after GC invocations=12 (full 0):
 garbage-first heap   total 403456K, used 66560K [0x0000000701600000, 0x0000000800000000)
  region size 1024K, 20 young (20480K), 20 survivors (20480K)
 Metaspace       used 73358K, capacity 75579K, committed 75656K, reserved 1116160K
  class space    used 8294K, capacity 9128K, committed 9168K, reserved 1048576K
}
Event: 8.244 GC heap before
{Heap before GC invocations=13 (full 0):
 garbage-first heap   total 403456K, used 220160K [0x0000000701600000, 0x0000000800000000)
  region size 1024K, 166 young (169984K), 20 survivors (20480K)
 Metaspace       used 83176K, capacity 86186K, committed 86408K, reserved 1124352K
  class space    used 9451K, capacity 10582K, committed 10704K, reserved 1048576K
}
Event: 8.294 GC heap after
{Heap after GC invocations=14 (full 0):
 garbage-first heap   total 403456K, used 87040K [0x0000000701600000, 0x0000000800000000)
  region size 1024K, 20 young (20480K), 20 survivors (20480K)
 Metaspace       used 83176K, capacity 86186K, committed 86408K, reserved 1124352K
  class space    used 9451K, capacity 10582K, committed 10704K, reserved 1048576K
}
Event: 15.551 GC heap before
{Heap before GC invocations=14 (full 0):
 garbage-first heap   total 403456K, used 268288K [0x0000000701600000, 0x0000000800000000)
  region size 1024K, 194 young (198656K), 20 survivors (20480K)
 Metaspace       used 101304K, capacity 104386K, committed 104752K, reserved 1142784K
  class space    used 10596K, capacity 11802K, committed 11896K, reserved 1048576K
}
Event: 15.629 GC heap after
{Heap after GC invocations=15 (full 0):
 garbage-first heap   total 403456K, used 104960K [0x0000000701600000, 0x0000000800000000)
  region size 1024K, 18 young (18432K), 18 survivors (18432K)
 Metaspace       used 101304K, capacity 104386K, committed 104752K, reserved 1142784K
  class space    used 10596K, capacity 11802K, committed 11896K, reserved 1048576K
}

