# JRE version: Java(TM) SE Runtime Environment (11.0.5+10) (build 11.0.5+10-LTS)
# Java VM: Java HotSpot(TM) 64-Bit Server VM (11.0.5+10-LTS, mixed mode, tiered, compressed oops, g1 gc, windows-amd64)
Heap:
 garbage-first heap   total 400384K, used 148367K [0x0000000701600000, 0x0000000800000000)
  region size 1024K, 25 young (25600K), 0 survivors (0K)
 Metaspace       used 111471K, capacity 115018K, committed 115284K, reserved 1153024K
  class space    used 11045K, capacity 12426K, committed 12452K, reserved 1048576K
GC Heap History (10 events):
Event: 1766.902 GC heap before
{Heap before GC invocations=342 (full 0):
 garbage-first heap   total 400384K, used 320513K [0x0000000701600000, 0x0000000800000000)
  region size 1024K, 96 young (98304K), 1 survivors (1024K)
 Metaspace       used 111302K, capacity 114852K, committed 115028K, reserved 1153024K
  class space    used 11018K, capacity 12390K, committed 12452K, reserved 1048576K
}
Event: 1766.904 GC heap after
{Heap after GC invocations=343 (full 0):
 garbage-first heap   total 400384K, used 223237K [0x0000000701600000, 0x0000000800000000)
  region size 1024K, 1 young (1024K), 1 survivors (1024K)
 Metaspace       used 111302K, capacity 114852K, committed 115028K, reserved 1153024K
  class space    used 11018K, capacity 12390K, committed 12452K, reserved 1048576K
}
Event: 1773.910 GC heap before
{Heap before GC invocations=343 (full 0):
 garbage-first heap   total 400384K, used 323589K [0x0000000701600000, 0x0000000800000000)
  region size 1024K, 99 young (101376K), 1 survivors (1024K)
 Metaspace       used 111302K, capacity 114852K, committed 115028K, reserved 1153024K
  class space    used 11018K, capacity 12390K, committed 12452K, reserved 1048576K
}
Event: 1773.913 GC heap after
{Heap after GC invocations=344 (full 0):
 garbage-first heap   total 400384K, used 223243K [0x0000000701600000, 0x0000000800000000)
  region size 1024K, 1 young (1024K), 1 survivors (1024K)
 Metaspace       used 111302K, capacity 114852K, committed 115028K, reserved 1153024K
  class space    used 11018K, capacity 12390K, committed 12452K, reserved 1048576K
}
Event: 1781.184 GC heap before
{Heap before GC invocations=344 (full 0):
 garbage-first heap   total 400384K, used 326667K [0x0000000701600000, 0x0000000800000000)
  region size 1024K, 103 young (105472K), 1 survivors (1024K)
 Metaspace       used 111303K, capacity 114852K, committed 115028K, reserved 1153024K
  class space    used 11018K, capacity 12390K, committed 12452K, reserved 1048576K
}
Event: 1781.186 GC heap after
{Heap after GC invocations=345 (full 0):
 garbage-first heap   total 400384K, used 223373K [0x0000000701600000, 0x0000000800000000)
  region size 1024K, 1 young (1024K), 1 survivors (1024K)
 Metaspace       used 111303K, capacity 114852K, committed 115028K, reserved 1153024K
  class space    used 11018K, capacity 12390K, committed 12452K, reserved 1048576K
}
Event: 1788.670 GC heap before
{Heap before GC invocations=345 (full 0):
 garbage-first heap   total 400384K, used 331917K [0x0000000701600000, 0x0000000800000000)
  region size 1024K, 107 young (109568K), 1 survivors (1024K)
 Metaspace       used 111303K, capacity 114852K, committed 115028K, reserved 1153024K
  class space    used 11018K, capacity 12390K, committed 12452K, reserved 1048576K
}
Event: 1788.672 GC heap after
{Heap after GC invocations=346 (full 0):
 garbage-first heap   total 400384K, used 223993K [0x0000000701600000, 0x0000000800000000)
  region size 1024K, 2 young (2048K), 2 survivors (2048K)
 Metaspace       used 111303K, capacity 114852K, committed 115028K, reserved 1153024K
  class space    used 11018K, capacity 12390K, committed 12452K, reserved 1048576K
}
Event: 1796.290 GC heap before
{Heap before GC invocations=346 (full 0):
 garbage-first heap   total 400384K, used 332537K [0x0000000701600000, 0x0000000800000000)
  region size 1024K, 109 young (111616K), 2 survivors (2048K)
 Metaspace       used 111315K, capacity 114852K, committed 115028K, reserved 1153024K
  class space    used 11019K, capacity 12390K, committed 12452K, reserved 1048576K
}
Event: 1796.397 GC heap after
{Heap after GC invocations=347 (full 1):
 garbage-first heap   total 400384K, used 121743K [0x0000000701600000, 0x0000000800000000)
  region size 1024K, 0 young (0K), 0 survivors (0K)
 Metaspace       used 111315K, capacity 114852K, committed 115028K, reserved 1153024K
  class space    used 11019K, capacity 12390K, committed 12452K, reserved 1048576K
}

