# JRE version: Java(TM) SE Runtime Environment (11.0.5+10) (build 11.0.5+10-LTS)
# Java VM: Java HotSpot(TM) 64-Bit Server VM (11.0.5+10-LTS, mixed mode, tiered, compressed oops, g1 gc, windows-amd64)
Heap:
 garbage-first heap   total 393216K, used 155744K [0x0000000701600000, 0x0000000800000000)
  region size 1024K, 39 young (39936K), 0 survivors (0K)
 Metaspace       used 112220K, capacity 115761K, committed 115880K, reserved 1153024K
  class space    used 11040K, capacity 12392K, committed 12456K, reserved 1048576K
GC Heap History (10 events):
Event: 3733.705 GC heap before
{Heap before GC invocations=581 (full 0):
 garbage-first heap   total 437248K, used 387815K [0x0000000701600000, 0x0000000800000000)
  region size 1024K, 58 young (59392K), 5 survivors (5120K)
 Metaspace       used 112054K, capacity 115536K, committed 115880K, reserved 1153024K
  class space    used 11011K, capacity 12358K, committed 12456K, reserved 1048576K
}
Event: 3733.708 GC heap after
{Heap after GC invocations=582 (full 0):
 garbage-first heap   total 437248K, used 333830K [0x0000000701600000, 0x0000000800000000)
  region size 1024K, 4 young (4096K), 4 survivors (4096K)
 Metaspace       used 112054K, capacity 115536K, committed 115880K, reserved 1153024K
  class space    used 11011K, capacity 12358K, committed 12456K, reserved 1048576K
}
Event: 3736.565 GC heap before
{Heap before GC invocations=582 (full 0):
 garbage-first heap   total 437248K, used 387078K [0x0000000701600000, 0x0000000800000000)
  region size 1024K, 56 young (57344K), 4 survivors (4096K)
 Metaspace       used 112054K, capacity 115536K, committed 115880K, reserved 1153024K
  class space    used 11011K, capacity 12358K, committed 12456K, reserved 1048576K
}
Event: 3736.568 GC heap after
{Heap after GC invocations=583 (full 0):
 garbage-first heap   total 437248K, used 333950K [0x0000000701600000, 0x0000000800000000)
  region size 1024K, 4 young (4096K), 4 survivors (4096K)
 Metaspace       used 112054K, capacity 115536K, committed 115880K, reserved 1153024K
  class space    used 11011K, capacity 12358K, committed 12456K, reserved 1048576K
}
Event: 3739.585 GC heap before
{Heap before GC invocations=583 (full 0):
 garbage-first heap   total 437248K, used 387198K [0x0000000701600000, 0x0000000800000000)
  region size 1024K, 56 young (57344K), 4 survivors (4096K)
 Metaspace       used 112054K, capacity 115536K, committed 115880K, reserved 1153024K
  class space    used 11011K, capacity 12358K, committed 12456K, reserved 1048576K
}
Event: 3739.588 GC heap after
{Heap after GC invocations=584 (full 0):
 garbage-first heap   total 437248K, used 334311K [0x0000000701600000, 0x0000000800000000)
  region size 1024K, 4 young (4096K), 4 survivors (4096K)
 Metaspace       used 112054K, capacity 115536K, committed 115880K, reserved 1153024K
  class space    used 11011K, capacity 12358K, committed 12456K, reserved 1048576K
}
Event: 3742.617 GC heap before
{Heap before GC invocations=584 (full 0):
 garbage-first heap   total 437248K, used 388583K [0x0000000701600000, 0x0000000800000000)
  region size 1024K, 57 young (58368K), 4 survivors (4096K)
 Metaspace       used 112054K, capacity 115536K, committed 115880K, reserved 1153024K
  class space    used 11011K, capacity 12358K, committed 12456K, reserved 1048576K
}
Event: 3742.619 GC heap after
{Heap after GC invocations=585 (full 0):
 garbage-first heap   total 437248K, used 334754K [0x0000000701600000, 0x0000000800000000)
  region size 1024K, 5 young (5120K), 5 survivors (5120K)
 Metaspace       used 112054K, capacity 115536K, committed 115880K, reserved 1153024K
  class space    used 11011K, capacity 12358K, committed 12456K, reserved 1048576K
}
Event: 3743.138 GC heap before
{Heap before GC invocations=585 (full 0):
 garbage-first heap   total 437248K, used 342946K [0x0000000701600000, 0x0000000800000000)
  region size 1024K, 14 young (14336K), 5 survivors (5120K)
 Metaspace       used 112057K, capacity 115536K, committed 115880K, reserved 1153024K
  class space    used 11011K, capacity 12358K, committed 12456K, reserved 1048576K
}
Event: 3743.257 GC heap after
{Heap after GC invocations=586 (full 1):
 garbage-first heap   total 393216K, used 114784K [0x0000000701600000, 0x0000000800000000)
  region size 1024K, 0 young (0K), 0 survivors (0K)
 Metaspace       used 112057K, capacity 115536K, committed 115880K, reserved 1153024K
  class space    used 11011K, capacity 12358K, committed 12456K, reserved 1048576K
}

