# JRE version: Java(TM) SE Runtime Environment (11.0.5+10) (build 11.0.5+10-LTS)
# Java VM: Java HotSpot(TM) 64-Bit Server VM (11.0.5+10-LTS, mixed mode, tiered, compressed oops, g1 gc, windows-amd64)
Heap:
 garbage-first heap   total 421888K, used 200704K [0x0000000701600000, 0x0000000800000000)
  region size 1024K, 120 young (122880K), 5 survivors (5120K)
 Metaspace       used 87981K, capacity 91057K, committed 91420K, reserved 1130496K
  class space    used 9796K, capacity 10972K, committed 11036K, reserved 1048576K
GC Heap History (10 events):
Event: 2.927 GC heap before
{Heap before GC invocations=7 (full 0):
 garbage-first heap   total 262144K, used 57927K [0x0000000701600000, 0x0000000800000000)
  region size 1024K, 52 young (53248K), 5 survivors (5120K)
 Metaspace       used 47094K, capacity 48257K, committed 48336K, reserved 1091584K
  class space    used 5122K, capacity 5534K, committed 5584K, reserved 1048576K
}
Event: 2.936 GC heap after
{Heap after GC invocations=8 (full 0):
 garbage-first heap   total 315392K, used 16670K [0x0000000701600000, 0x0000000800000000)
  region size 1024K, 7 young (7168K), 7 survivors (7168K)
 Metaspace       used 47094K, capacity 48257K, committed 48336K, reserved 1091584K
  class space    used 5122K, capacity 5534K, committed 5584K, reserved 1048576K
}
Event: 4.396 GC heap before
{Heap before GC invocations=9 (full 0):
 garbage-first heap   total 315392K, used 82206K [0x0000000701600000, 0x0000000800000000)
  region size 1024K, 71 young (72704K), 7 survivors (7168K)
 Metaspace       used 58654K, capacity 59905K, committed 60112K, reserved 1101824K
  class space    used 6622K, capacity 7065K, committed 7120K, reserved 1048576K
}
Event: 4.435 GC heap after
{Heap after GC invocations=10 (full 0):
 garbage-first heap   total 315392K, used 26739K [0x0000000701600000, 0x0000000800000000)
  region size 1024K, 9 young (9216K), 9 survivors (9216K)
 Metaspace       used 58654K, capacity 59905K, committed 60112K, reserved 1101824K
  class space    used 6622K, capacity 7065K, committed 7120K, reserved 1048576K
}
Event: 5.912 GC heap before
{Heap before GC invocations=10 (full 0):
 garbage-first heap   total 315392K, used 117875K [0x0000000701600000, 0x0000000800000000)
  region size 1024K, 93 young (95232K), 9 survivors (9216K)
 Metaspace       used 68296K, capacity 69981K, committed 70224K, reserved 1112064K
  class space    used 7621K, capacity 8252K, committed 8272K, reserved 1048576K
}
Event: 5.929 GC heap after
{Heap after GC invocations=11 (full 0):
 garbage-first heap   total 315392K, used 45658K [0x0000000701600000, 0x0000000800000000)
  region size 1024K, 12 young (12288K), 12 survivors (12288K)
 Metaspace       used 68296K, capacity 69981K, committed 70224K, reserved 1112064K
  class space    used 7621K, capacity 8252K, committed 8272K, reserved 1048576K
}
Event: 7.052 GC heap before
{Heap before GC invocations=11 (full 0):
 garbage-first heap   total 315392K, used 157274K [0x0000000701600000, 0x0000000800000000)
  region size 1024K, 118 young (120832K), 12 survivors (12288K)
 Metaspace       used 73910K, capacity 76210K, committed 76368K, reserved 1116160K
  class space    used 8399K, capacity 9270K, committed 9296K, reserved 1048576K
}
Event: 7.075 GC heap after
{Heap after GC invocations=12 (full 0):
 garbage-first heap   total 315392K, used 77762K [0x0000000701600000, 0x0000000800000000)
  region size 1024K, 15 young (15360K), 15 survivors (15360K)
 Metaspace       used 73910K, capacity 76210K, committed 76368K, reserved 1116160K
  class space    used 8399K, capacity 9270K, committed 9296K, reserved 1048576K
}
Event: 7.381 GC heap before
{Heap before GC invocations=12 (full 0):
 garbage-first heap   total 315392K, used 121794K [0x0000000701600000, 0x0000000800000000)
  region size 1024K, 60 young (61440K), 15 survivors (15360K)
 Metaspace       used 78040K, capacity 80466K, committed 80560K, reserved 1120256K
  class space    used 8844K, capacity 9788K, committed 9808K, reserved 1048576K
}
Event: 7.396 GC heap after
{Heap after GC invocations=13 (full 0):
 garbage-first heap   total 421888K, used 81920K [0x0000000701600000, 0x0000000800000000)
  region size 1024K, 5 young (5120K), 5 survivors (5120K)
 Metaspace       used 78040K, capacity 80466K, committed 80560K, reserved 1120256K
  class space    used 8844K, capacity 9788K, committed 9808K, reserved 1048576K
}

