# JRE version: Java(TM) SE Runtime Environment (11.0.5+10) (build 11.0.5+10-LTS)
# Java VM: Java HotSpot(TM) 64-Bit Server VM (11.0.5+10-LTS, mixed mode, tiered, compressed oops, g1 gc, windows-amd64)
Heap:
 garbage-first heap   total 315392K, used 203776K [0x0000000701600000, 0x0000000800000000)
  region size 1024K, 132 young (135168K), 9 survivors (9216K)
 Metaspace       used 88299K, capacity 91387K, committed 91804K, reserved 1130496K
  class space    used 9808K, capacity 11016K, committed 11164K, reserved 1048576K
GC Heap History (10 events):
Event: 3.048 GC heap before
{Heap before GC invocations=6 (full 0):
 garbage-first heap   total 262144K, used 59387K [0x0000000701600000, 0x0000000800000000)
  region size 1024K, 52 young (53248K), 5 survivors (5120K)
 Metaspace       used 46161K, capacity 47256K, committed 47484K, reserved 1091584K
  class space    used 5044K, capacity 5457K, committed 5500K, reserved 1048576K
}
Event: 3.056 GC heap after
{Heap after GC invocations=7 (full 0):
 garbage-first heap   total 262144K, used 15027K [0x0000000701600000, 0x0000000800000000)
  region size 1024K, 5 young (5120K), 5 survivors (5120K)
 Metaspace       used 46161K, capacity 47256K, committed 47484K, reserved 1091584K
  class space    used 5044K, capacity 5457K, committed 5500K, reserved 1048576K
}
Event: 4.206 GC heap before
{Heap before GC invocations=7 (full 0):
 garbage-first heap   total 262144K, used 59059K [0x0000000701600000, 0x0000000800000000)
  region size 1024K, 49 young (50176K), 5 survivors (5120K)
 Metaspace       used 53308K, capacity 54516K, committed 54608K, reserved 1097728K
  class space    used 5953K, capacity 6401K, committed 6480K, reserved 1048576K
}
Event: 4.215 GC heap after
{Heap after GC invocations=8 (full 0):
 garbage-first heap   total 315392K, used 22226K [0x0000000701600000, 0x0000000800000000)
  region size 1024K, 9 young (9216K), 9 survivors (9216K)
 Metaspace       used 53308K, capacity 54516K, committed 54608K, reserved 1097728K
  class space    used 5953K, capacity 6401K, committed 6480K, reserved 1048576K
}
Event: 5.569 GC heap before
{Heap before GC invocations=9 (full 0):
 garbage-first heap   total 315392K, used 98002K [0x0000000701600000, 0x0000000800000000)
  region size 1024K, 83 young (84992K), 9 survivors (9216K)
 Metaspace       used 61495K, capacity 62836K, committed 62876K, reserved 1105920K
  class space    used 6812K, capacity 7295K, committed 7324K, reserved 1048576K
}
Event: 5.596 GC heap after
{Heap after GC invocations=10 (full 0):
 garbage-first heap   total 315392K, used 32403K [0x0000000701600000, 0x0000000800000000)
  region size 1024K, 11 young (11264K), 11 survivors (11264K)
 Metaspace       used 61495K, capacity 62836K, committed 62876K, reserved 1105920K
  class space    used 6812K, capacity 7295K, committed 7324K, reserved 1048576K
}
Event: 7.403 GC heap before
{Heap before GC invocations=11 (full 0):
 garbage-first heap   total 315392K, used 132755K [0x0000000701600000, 0x0000000800000000)
  region size 1024K, 102 young (104448K), 11 survivors (11264K)
 Metaspace       used 70405K, capacity 72423K, committed 72732K, reserved 1114112K
  class space    used 7892K, capacity 8612K, committed 8732K, reserved 1048576K
}
Event: 7.428 GC heap after
{Heap after GC invocations=12 (full 0):
 garbage-first heap   total 315392K, used 67176K [0x0000000701600000, 0x0000000800000000)
  region size 1024K, 13 young (13312K), 13 survivors (13312K)
 Metaspace       used 70405K, capacity 72423K, committed 72732K, reserved 1114112K
  class space    used 7892K, capacity 8612K, committed 8732K, reserved 1048576K
}
Event: 8.791 GC heap before
{Heap before GC invocations=12 (full 0):
 garbage-first heap   total 315392K, used 174696K [0x0000000701600000, 0x0000000800000000)
  region size 1024K, 119 young (121856K), 13 survivors (13312K)
 Metaspace       used 77533K, capacity 79741K, committed 80028K, reserved 1120256K
  class space    used 8698K, capacity 9532K, committed 9628K, reserved 1048576K
}
Event: 8.801 GC heap after
{Heap after GC invocations=13 (full 0):
 garbage-first heap   total 315392K, used 70656K [0x0000000701600000, 0x0000000800000000)
  region size 1024K, 9 young (9216K), 9 survivors (9216K)
 Metaspace       used 77533K, capacity 79741K, committed 80028K, reserved 1120256K
  class space    used 8698K, capacity 9532K, committed 9628K, reserved 1048576K
}

